log4j user configuration file not found: C:\Users\amamoum1/.stm32cubemx/log4j.properties
Configure log4j with default settings from jar:file:/C:/Program%20Files/STMicroelectronics/STM32Cube/STM32CubeMX/STM32CubeMX.exe!/log4j/log4j.stm32cubemx.properties
2020-08-24 13:57:20,036 [INFO] MicroXplorer:76 - [MX] MX Start
2020-08-24 13:57:20,039 [INFO] MicroXplorer:566 - Detected Java Version = 1.8.0_241
2020-08-24 13:57:20,556 [INFO] ApplicationProperties:181 - Using Application install path: C:\Program Files\STMicroelectronics\STM32Cube\STM32CubeMX
2020-08-24 13:57:20,573 [INFO] DbMcusXml:70 - Set database path to: C:\Program Files\STMicroelectronics\STM32Cube\STM32CubeMX\\db\/mcu/
2020-08-24 13:57:20,581 [INFO] DbBoardsPdsc:56 - Set plugin database path to: C:\Program Files\STMicroelectronics\STM32Cube\STM32CubeMX\\db\/plugins/boardmanager/
2020-08-24 13:57:20,582 [INFO] DbMcus:258 - Set plugin images path to: C:\Program Files\STMicroelectronics\STM32Cube\STM32CubeMX\\db\/plugins/mcufinder/images/
2020-08-24 13:57:20,582 [INFO] DbBoards:264 - Set plugin images path to: C:\Program Files\STMicroelectronics\STM32Cube\STM32CubeMX\\db\/plugins/mcufinder/images/
2020-08-24 13:57:20,584 [INFO] DbExamples:326 - Set plugin images path to: C:\Program Files\STMicroelectronics\STM32Cube\STM32CubeMX\\db\/plugins/mcufinder/images/
2020-08-24 13:57:20,585 [INFO] McuFinderGlobals:40 - Set McuFinder mode to 1 (CubeMX integrated)
2020-08-24 13:57:20,595 [INFO] DbMcusDocs:112 - Set database path to: C:\Users\amamoum1\.stmcufinder\plugins\mcufinder//mcu/
2020-08-24 13:57:20,597 [INFO] DbMcusJson:63 - Set database path to: C:\Users\amamoum1\.stmcufinder\plugins\mcufinder//mcu/
2020-08-24 13:57:20,597 [INFO] DbBoardsDocs:112 - Set database path to: C:\Users\amamoum1\.stmcufinder\plugins\mcufinder//mcu/
2020-08-24 13:57:20,598 [INFO] DbBoardsJson:56 - Set database path to: C:\Users\amamoum1\.stmcufinder\plugins\mcufinder//mcu/
2020-08-24 13:57:20,708 [INFO] CrossReferenceDbSqlite:196 - Set database path to: C:\Users\amamoum1\.stmcufinder\plugins\mcufinder//mcu/cs/
2020-08-24 13:57:20,717 [INFO] DbExamplesSqlite:800 - Set database path to: C:\Users\amamoum1\.stmcufinder\plugins\mcufinder//mcu/
2020-08-24 13:57:20,920 [INFO] RulesReader:52 - Compatibility file has been processed (209 Rules)
2020-08-24 13:57:20,959 [INFO] STM32CubeMX:31 - Starting STM32CubeMX
2020-08-24 13:57:21,082 [INFO] MainPanel:189 - HeapMemory: 126877696
2020-08-24 13:57:21,221 [INFO] DbMcusXml:70 - Set database path to: C:\Program Files\STMicroelectronics\STM32Cube\STM32CubeMX\\db\/mcu/
2020-08-24 13:57:21,221 [INFO] DbBoardsPdsc:56 - Set plugin database path to: C:\Program Files\STMicroelectronics\STM32Cube\STM32CubeMX\\db\/plugins/boardmanager/
2020-08-24 13:57:21,221 [INFO] DbMcus:258 - Set plugin images path to: C:\Program Files\STMicroelectronics\STM32Cube\STM32CubeMX\\db\/plugins/mcufinder/images/
2020-08-24 13:57:21,221 [INFO] DbBoards:264 - Set plugin images path to: C:\Program Files\STMicroelectronics\STM32Cube\STM32CubeMX\\db\/plugins/mcufinder/images/
2020-08-24 13:57:21,221 [INFO] DbExamples:326 - Set plugin images path to: C:\Program Files\STMicroelectronics\STM32Cube\STM32CubeMX\\db\/plugins/mcufinder/images/
2020-08-24 13:57:21,222 [WARN] DbFile:36 - Overriding database path with different value: C:\Users\amamoum1\.stmcufinder\plugins\mcufinder/ => C:\Users\amamoum1\.stmcufinder\plugins\mcufinder
2020-08-24 13:57:21,222 [INFO] DbMcusDocs:112 - Set database path to: C:\Users\amamoum1\.stmcufinder\plugins\mcufinder//mcu/
2020-08-24 13:57:21,222 [WARN] DbFile:36 - Overriding database path with different value: C:\Users\amamoum1\.stmcufinder\plugins\mcufinder/ => C:\Users\amamoum1\.stmcufinder\plugins\mcufinder
2020-08-24 13:57:21,222 [INFO] DbMcusJson:63 - Set database path to: C:\Users\amamoum1\.stmcufinder\plugins\mcufinder//mcu/
2020-08-24 13:57:21,222 [WARN] DbFile:36 - Overriding database path with different value: C:\Users\amamoum1\.stmcufinder\plugins\mcufinder/ => C:\Users\amamoum1\.stmcufinder\plugins\mcufinder
2020-08-24 13:57:21,222 [INFO] DbBoardsDocs:112 - Set database path to: C:\Users\amamoum1\.stmcufinder\plugins\mcufinder//mcu/
2020-08-24 13:57:21,223 [WARN] DbFile:36 - Overriding database path with different value: C:\Users\amamoum1\.stmcufinder\plugins\mcufinder/ => C:\Users\amamoum1\.stmcufinder\plugins\mcufinder
2020-08-24 13:57:21,223 [INFO] DbBoardsJson:56 - Set database path to: C:\Users\amamoum1\.stmcufinder\plugins\mcufinder//mcu/
2020-08-24 13:57:21,223 [WARN] DbFile:36 - Overriding database path with different value: C:\Users\amamoum1\.stmcufinder\plugins\mcufinder/ => C:\Users\amamoum1\.stmcufinder\plugins\mcufinder
2020-08-24 13:57:21,223 [WARN] DbFile:36 - Overriding database path with different value: C:\Users\amamoum1\.stmcufinder\plugins\mcufinder/ => C:\Users\amamoum1\.stmcufinder\plugins\mcufinder
2020-08-24 13:57:21,266 [INFO] CrossReferenceDbSqlite:196 - Set database path to: C:\Users\amamoum1\.stmcufinder\plugins\mcufinder//mcu/cs/
2020-08-24 13:57:21,267 [WARN] DbFile:36 - Overriding database path with different value: C:\Users\amamoum1\.stmcufinder\plugins\mcufinder/ => C:\Users\amamoum1\.stmcufinder\plugins\mcufinder
2020-08-24 13:57:21,267 [INFO] DbExamplesSqlite:800 - Set database path to: C:\Users\amamoum1\.stmcufinder\plugins\mcufinder//mcu/
2020-08-24 13:57:21,317 [INFO] ApplicationProperties:181 - Using Application install path: C:\Program Files\STMicroelectronics\STM32Cube\STM32CubeMX
2020-08-24 13:57:21,319 [INFO] PluginManage:178 - Search for loadable plugins [exclusion list=, ]
2020-08-24 13:57:21,325 [INFO] PluginManage:292 - Check plugin analytics
2020-08-24 13:57:21,670 [INFO] AnalyticsPlugin:203 - Accepted Software Licenses: STM32CubeMX.6.0.0-A5,STM32CubeMX.5.4.0-A12,STM32CubeMX.6.0.0-A6,STM32CubeMX.5.5.0-A4,STM32CubeMX.5.6.0-A1,STM32CubeMX.5.6.0-A3,STM32CubeMX.6.4.0-D36,STM32CubeMX.6.4.0-D37,STM32CubeMX.5.6.1,STM32CubeMX.6.0.0-B1,STM32CubeMX.6.0.0-B2,STM32CubeMX.6.0.0-B4,STM32CubeMX.6.0.0-B6,STM32CubeMX.6.0.0-B5,STM32CubeMX.6.0.0-B7
2020-08-24 13:57:21,670 [INFO] AnalyticsPlugin:205 - Accepted CMSIS Pack Licenses: 
2020-08-24 13:57:21,670 [INFO] AnalyticsPlugin:207 - Accepted Firmware Licenses: 
2020-08-24 13:57:21,671 [INFO] PluginManage:342 - Loaded plugin analytics (category:tool,tabindex:-1)
2020-08-24 13:57:21,672 [INFO] PluginManage:292 - Check plugin clock
2020-08-24 13:57:21,680 [INFO] PluginManage:342 - Loaded plugin clock (category:base,tabindex:2)
2020-08-24 13:57:21,682 [INFO] PluginManage:292 - Check plugin ddr
2020-08-24 13:57:21,685 [INFO] PluginManage:342 - Loaded plugin ddr (category:tool,tabindex:6)
2020-08-24 13:57:21,685 [INFO] PluginManage:292 - Check plugin filemanager
2020-08-24 13:57:21,792 [INFO] PluginManage:342 - Loaded plugin filemanager (category:base,tabindex:10)
2020-08-24 13:57:21,792 [INFO] PluginManage:292 - Check plugin ipmanager
2020-08-24 13:57:21,811 [INFO] PluginManage:342 - Loaded plugin ipmanager (category:base,tabindex:5)
2020-08-24 13:57:21,812 [INFO] PluginManage:292 - Check plugin pinoutandconfiguration
2020-08-24 13:57:21,819 [INFO] PluginManage:342 - Loaded plugin pinoutandconfiguration (category:base,tabindex:1)
2020-08-24 13:57:21,819 [INFO] PluginManage:292 - Check plugin pinoutconfig
2020-08-24 13:57:21,869 [INFO] PluginManage:342 - Loaded plugin pinoutconfig (category:base,tabindex:0)
2020-08-24 13:57:21,869 [INFO] PluginManage:292 - Check plugin power
2020-08-24 13:57:21,879 [INFO] PluginManage:342 - Loaded plugin power (category:power,tabindex:4)
2020-08-24 13:57:21,880 [INFO] PluginManage:292 - Check plugin projectmanager
2020-08-24 13:57:21,932 [INFO] PluginManage:342 - Loaded plugin projectmanager (category:projectmanager,tabindex:3)
2020-08-24 13:57:21,932 [INFO] PluginManage:292 - Check plugin thirdparty
2020-08-24 13:57:22,005 [INFO] ThirdPartyDb:333 - Open Third Party DataBase File (C:/Users/amamoum1/.stm32cubemx/plugins/thirdparty/db/thirdparties_db.xml) : 28 ms. number of Sw pack : 22
2020-08-24 13:57:22,010 [INFO] PluginManage:342 - Loaded plugin thirdparty (category:base,tabindex:-1)
2020-08-24 13:57:22,010 [INFO] PluginManage:292 - Check plugin tools
2020-08-24 13:57:22,013 [INFO] PluginManage:342 - Loaded plugin tools (category:base,tabindex:7)
2020-08-24 13:57:22,013 [INFO] PluginManage:292 - Check plugin tutovideos
2020-08-24 13:57:22,212 [INFO] PluginManage:342 - Loaded plugin tutovideos (category:base,tabindex:-1)
2020-08-24 13:57:22,212 [INFO] PluginManage:292 - Check plugin updater
2020-08-24 13:57:22,230 [INFO] PluginManage:342 - Loaded plugin updater (category:base,tabindex:12)
2020-08-24 13:57:22,230 [INFO] PluginManage:265 - PluginManage : Loaded plugins [13]
2020-08-24 13:57:22,386 [INFO] PinOutPanel:1418 - setPackage(No Configuration,No Configuration)
2020-08-24 13:57:22,467 [INFO] IPUIPlugin:64 - create IPUIPlugin
2020-08-24 13:57:22,468 [INFO] PluginManager:200 - loadIPPluginJar : add adc
2020-08-24 13:57:22,470 [INFO] IPUIPlugin:64 - create IPUIPlugin
2020-08-24 13:57:22,470 [INFO] PluginManager:200 - loadIPPluginJar : add aes
2020-08-24 13:57:22,472 [INFO] IPUIPlugin:64 - create IPUIPlugin
2020-08-24 13:57:22,472 [INFO] PluginManager:200 - loadIPPluginJar : add can
2020-08-24 13:57:22,474 [INFO] IPUIPlugin:64 - create IPUIPlugin
2020-08-24 13:57:22,474 [INFO] PluginManager:200 - loadIPPluginJar : add comp
2020-08-24 13:57:22,476 [INFO] IPUIPlugin:64 - create IPUIPlugin
2020-08-24 13:57:22,476 [INFO] PluginManager:200 - loadIPPluginJar : add cryp
2020-08-24 13:57:22,478 [INFO] IPUIPlugin:64 - create IPUIPlugin
2020-08-24 13:57:22,478 [INFO] PluginManager:200 - loadIPPluginJar : add dfsdm
2020-08-24 13:57:22,482 [INFO] IPUIPlugin:64 - create IPUIPlugin
2020-08-24 13:57:22,483 [INFO] PluginManager:200 - loadIPPluginJar : add dma
2020-08-24 13:57:22,484 [INFO] IPUIPlugin:64 - create IPUIPlugin
2020-08-24 13:57:22,485 [INFO] PluginManager:200 - loadIPPluginJar : add fatfs
2020-08-24 13:57:22,487 [INFO] IPUIPlugin:64 - create IPUIPlugin
2020-08-24 13:57:22,488 [INFO] PluginManager:200 - loadIPPluginJar : add fmc
2020-08-24 13:57:22,492 [INFO] IPUIPlugin:64 - create IPUIPlugin
2020-08-24 13:57:22,492 [INFO] PluginManager:200 - loadIPPluginJar : add freertos
2020-08-24 13:57:22,493 [INFO] IPUIPlugin:64 - create IPUIPlugin
2020-08-24 13:57:22,493 [INFO] PluginManager:200 - loadIPPluginJar : add genericplugin
2020-08-24 13:57:22,495 [INFO] IPUIPlugin:64 - create IPUIPlugin
2020-08-24 13:57:22,495 [INFO] PluginManager:200 - loadIPPluginJar : add gfxmmu
2020-08-24 13:57:22,498 [INFO] IPUIPlugin:64 - create IPUIPlugin
2020-08-24 13:57:22,498 [INFO] PluginManager:200 - loadIPPluginJar : add gic
2020-08-24 13:57:22,501 [INFO] IPUIPlugin:64 - create IPUIPlugin
2020-08-24 13:57:22,502 [INFO] PluginManager:200 - loadIPPluginJar : add gpio
2020-08-24 13:57:22,503 [INFO] IPUIPlugin:64 - create IPUIPlugin
2020-08-24 13:57:22,504 [INFO] PluginManager:200 - loadIPPluginJar : add gtzc
2020-08-24 13:57:22,505 [INFO] IPUIPlugin:64 - create IPUIPlugin
2020-08-24 13:57:22,506 [INFO] PluginManager:200 - loadIPPluginJar : add hash
2020-08-24 13:57:22,508 [INFO] IPUIPlugin:64 - create IPUIPlugin
2020-08-24 13:57:22,508 [INFO] PluginManager:200 - loadIPPluginJar : add i2c
2020-08-24 13:57:22,510 [INFO] IPUIPlugin:64 - create IPUIPlugin
2020-08-24 13:57:22,511 [INFO] PluginManager:200 - loadIPPluginJar : add i2s
2020-08-24 13:57:22,515 [INFO] IPUIPlugin:64 - create IPUIPlugin
2020-08-24 13:57:22,515 [INFO] PluginManager:200 - loadIPPluginJar : add ipddr
2020-08-24 13:57:22,516 [INFO] IPUIPlugin:64 - create IPUIPlugin
2020-08-24 13:57:22,517 [INFO] PluginManager:200 - loadIPPluginJar : add ltdc
2020-08-24 13:57:22,520 [INFO] IPUIPlugin:64 - create IPUIPlugin
2020-08-24 13:57:22,520 [INFO] PluginManager:200 - loadIPPluginJar : add mdma
2020-08-24 13:57:22,523 [INFO] IPUIPlugin:64 - create IPUIPlugin
2020-08-24 13:57:22,523 [INFO] PluginManager:200 - loadIPPluginJar : add nvic
2020-08-24 13:57:22,526 [INFO] IPUIPlugin:64 - create IPUIPlugin
2020-08-24 13:57:22,526 [INFO] PluginManager:200 - loadIPPluginJar : add opamp
2020-08-24 13:57:22,534 [INFO] IPUIPlugin:64 - create IPUIPlugin
2020-08-24 13:57:22,534 [INFO] PluginManager:200 - loadIPPluginJar : add openamp
2020-08-24 13:57:22,537 [INFO] IPUIPlugin:64 - create IPUIPlugin
2020-08-24 13:57:22,537 [INFO] PluginManager:200 - loadIPPluginJar : add pdm2pcm
2020-08-24 13:57:22,542 [INFO] IPUIPlugin:64 - create IPUIPlugin
2020-08-24 13:57:22,544 [INFO] PluginManager:200 - loadIPPluginJar : add plateformsettings
2020-08-24 13:57:22,546 [INFO] IPUIPlugin:64 - create IPUIPlugin
2020-08-24 13:57:22,546 [INFO] PluginManager:200 - loadIPPluginJar : add quadspi
2020-08-24 13:57:22,549 [INFO] IPUIPlugin:64 - create IPUIPlugin
2020-08-24 13:57:22,549 [INFO] PluginManager:200 - loadIPPluginJar : add resmgrutility
2020-08-24 13:57:22,551 [INFO] IPUIPlugin:64 - create IPUIPlugin
2020-08-24 13:57:22,552 [INFO] PluginManager:200 - loadIPPluginJar : add sai
2020-08-24 13:57:22,554 [INFO] IPUIPlugin:64 - create IPUIPlugin
2020-08-24 13:57:22,554 [INFO] PluginManager:200 - loadIPPluginJar : add spi
2020-08-24 13:57:22,557 [INFO] IPUIPlugin:64 - create IPUIPlugin
2020-08-24 13:57:22,557 [INFO] PluginManager:200 - loadIPPluginJar : add stm32_wpan
2020-08-24 13:57:22,558 [INFO] IPUIPlugin:64 - create IPUIPlugin
2020-08-24 13:57:22,559 [INFO] PluginManager:200 - loadIPPluginJar : add tim
2020-08-24 13:57:22,561 [INFO] IPUIPlugin:64 - create IPUIPlugin
2020-08-24 13:57:22,562 [INFO] PluginManager:200 - loadIPPluginJar : add touchsensing
2020-08-24 13:57:22,563 [INFO] IPUIPlugin:64 - create IPUIPlugin
2020-08-24 13:57:22,564 [INFO] PluginManager:200 - loadIPPluginJar : add tracer_emb
2020-08-24 13:57:22,565 [INFO] IPUIPlugin:64 - create IPUIPlugin
2020-08-24 13:57:22,565 [INFO] PluginManager:200 - loadIPPluginJar : add ts
2020-08-24 13:57:22,567 [INFO] IPUIPlugin:64 - create IPUIPlugin
2020-08-24 13:57:22,567 [INFO] PluginManager:200 - loadIPPluginJar : add tsc
2020-08-24 13:57:22,569 [INFO] IPUIPlugin:64 - create IPUIPlugin
2020-08-24 13:57:22,569 [INFO] PluginManager:200 - loadIPPluginJar : add ucpd
2020-08-24 13:57:22,571 [INFO] IPUIPlugin:64 - create IPUIPlugin
2020-08-24 13:57:22,571 [INFO] PluginManager:200 - loadIPPluginJar : add usart
2020-08-24 13:57:23,904 [INFO] Updater:904 - Updater Version found : 6.0.0-B7
2020-08-24 13:57:23,919 [INFO] ApplicationProperties:181 - Using Application install path: C:\Program Files\STMicroelectronics\STM32Cube\STM32CubeMX
2020-08-24 13:57:24,009 [INFO] MainUpdater:2268 - connection check result : 10
2020-08-24 13:57:24,010 [INFO] MainUpdater:239 - Updater Check For Update Now.
2020-08-24 13:57:24,010 [INFO] MicroXplorer:416 - Change Database Version : DB.6.0.0
2020-08-24 13:57:24,084 [INFO] CheckServerUpdateThread:102 - End of CheckServer Thread
2020-08-24 13:57:24,971 [INFO] HomeAdPanel:50 - Auto-refresh data requested => check proxy status ongoing
2020-08-24 13:57:25,009 [INFO] LoadUrlFilesThread:162 - End of LoadServerUrlFiles without Thread
2020-08-24 13:57:25,012 [WARN] IntegrityCheckThread:61 - waiting for thirdparty lock release [integrity check]
2020-08-24 13:57:25,012 [INFO] IntegrityCheckThread:63 - entering critical section [integrity check]
2020-08-24 13:57:25,028 [INFO] DetailPanel:331 - Set advertising image to C:/Users/amamoum1/STM32Cube/Repository/\stm32cubemx-promo_image.jpg
2020-08-24 13:57:25,032 [INFO] LoadUrlFilesThread:162 - End of LoadServerUrlFiles without Thread
2020-08-24 13:57:25,032 [INFO] DetailPanel:331 - Set advertising image to C:/Users/amamoum1/STM32Cube/Repository/\stm32cubemx-promo_image.jpg
2020-08-24 13:57:25,058 [INFO] ThirdPartyDb:299 - Save Third Party DataBase File (C:/Users/amamoum1/.stm32cubemx/plugins/thirdparty/db/thirdparties_db.xml) [forced]
2020-08-24 13:57:25,062 [INFO] MicroXplorer:386 - Change Database Path : 
2020-08-24 13:57:25,062 [INFO] MicroXplorer:416 - Change Database Version : DB.6.0.0
2020-08-24 13:57:25,062 [WARN] ThirdParty:775 - waiting for thirdparty lock release [close project]
2020-08-24 13:57:25,091 [INFO] ThirdPartyDb:299 - Save Third Party DataBase File (C:/Users/amamoum1/.stm32cubemx/plugins/thirdparty/db/thirdparties_db.xml) [forced]
2020-08-24 13:57:25,105 [INFO] IntegrityCheckThread:76 - exiting critical section [integrity check]
2020-08-24 13:57:25,106 [INFO] IntegrityCheckThread:79 - End integrity checks thread
2020-08-24 13:57:25,106 [INFO] ThirdParty:777 - entering critical section [close project]
2020-08-24 13:57:25,107 [INFO] ThirdParty:790 - exiting critical section [close project]
2020-08-24 13:57:25,110 [INFO] PinOutPanel:1418 - setPackage(No Configuration,No Configuration)
2020-08-24 13:57:25,162 [INFO] MainFrame:166 - [MX] HOME_PANEL
2020-08-24 13:57:25,169 [INFO] HomeAdPanel:146 - scale :0.4630454140694568
config load "C:\git\g0_topic_porting\Firmware\Projects\NUCLEO-G070RB\Examples_LL\ADC\ADC_ContinuousConversion_TriggerSW_Init\ADC_ContinuousConversion_TriggerSW_Init.ioc"
2020-08-24 13:57:25,307 [INFO] MicroXplorer:386 - Change Database Path : 
2020-08-24 13:57:25,307 [INFO] MicroXplorer:416 - Change Database Version : DB.6.0.0
2020-08-24 13:57:25,308 [WARN] ThirdParty:775 - waiting for thirdparty lock release [close project]
2020-08-24 13:57:25,308 [INFO] ThirdParty:777 - entering critical section [close project]
2020-08-24 13:57:25,308 [INFO] ThirdParty:790 - exiting critical section [close project]
2020-08-24 13:57:25,309 [INFO] PinOutPanel:1418 - setPackage(No Configuration,No Configuration)
2020-08-24 13:57:25,318 [INFO] UtilMem:74 - Begin LoadConfig() Used Memory: 161340880 Bytes (251133952)
2020-08-24 13:57:25,322 [INFO] OpenFileManager:274 - Change cursor
2020-08-24 13:57:27,327 [WARN] ApiManager:274 - Cannot register API 'Board Extension:S2868A1' from pack STMicroelectronics.X-CUBE-SUBG2.1.1.0: no header file found
2020-08-24 13:57:27,328 [WARN] ApiManager:274 - Cannot register API 'Board Extension:S2868A2' from pack STMicroelectronics.X-CUBE-SUBG2.1.1.0: no header file found
2020-08-24 13:57:27,328 [WARN] ApiManager:274 - Cannot register API 'Board Extension:S2915A1' from pack STMicroelectronics.X-CUBE-SUBG2.1.1.0: no header file found
2020-08-24 13:57:27,330 [WARN] ApiManager:274 - Cannot register API 'Board Extension:GNSS1A1' from pack STMicroelectronics.X-CUBE-GNSS1.4.1.0: no header file found
2020-08-24 13:57:27,331 [WARN] ApiManager:274 - Cannot register API 'Board Support:Custom' from pack STMicroelectronics.X-CUBE-GNSS1.4.1.0: no header file found
2020-08-24 13:57:27,331 [WARN] ApiManager:274 - Cannot register API 'Data Exchange:LibGNSS' from pack STMicroelectronics.X-CUBE-GNSS1.4.1.0: no header file found
2020-08-24 13:57:27,331 [WARN] ApiManager:274 - Cannot register API 'Data Exchange:Interface' from pack STMicroelectronics.X-CUBE-GNSS1.4.1.0: no header file found
2020-08-24 13:57:27,336 [INFO] RtosManager:456 - Registered RTOS mode: class=CMSIS, group=RTOS, mode=CMSIS_V1, owner=FREERTOS
2020-08-24 13:57:27,337 [INFO] RtosManager:456 - Registered RTOS mode: class=CMSIS, group=RTOS2, mode=CMSIS_V2, owner=FREERTOS
2020-08-24 13:57:27,337 [INFO] RtosManager:456 - Registered RTOS mode: class=RTOS, group=Core, mode=CMSIS_V1, owner=FREERTOS
2020-08-24 13:57:27,337 [INFO] RtosManager:456 - Registered RTOS mode: class=RTOS, group=Core, mode=CMSIS_V2, owner=FREERTOS
2020-08-24 13:57:27,337 [WARN] ModelIntegratedComponent:188 - Missing modes for component 1593590820782
2020-08-24 13:57:27,381 [INFO] DependencyParser:915 - This component is not compatible with the current MCU : [1595514825809, 1595514825811, 1595514825819]
2020-08-24 13:57:27,381 [INFO] ThirdPartyModel:556 - Component with status : MCU_INCOMPATIBLE for condition : IKS01A3 Accelerometer Calibration Condition id : 1595514817389
2020-08-24 13:57:27,382 [INFO] DependencyParser:915 - This component is not compatible with the current MCU : [1595514825809, 1595514825811, 1595514825819]
2020-08-24 13:57:27,382 [INFO] ThirdPartyModel:556 - Component with status : MCU_INCOMPATIBLE for condition : IKS01A3 Vertical Context Condition id : 1595514817439
2020-08-24 13:57:27,383 [INFO] DependencyParser:915 - This component is not compatible with the current MCU : [1595514825809, 1595514825811, 1595514825819]
2020-08-24 13:57:27,383 [INFO] ThirdPartyModel:556 - Component with status : MCU_INCOMPATIBLE for condition : IKS01A3 Carry Position Condition id : 1595514817457
2020-08-24 13:57:27,384 [INFO] DependencyParser:915 - This component is not compatible with the current MCU : [1595514825809, 1595514825811, 1595514825819]
2020-08-24 13:57:27,384 [INFO] ThirdPartyModel:556 - Component with status : MCU_INCOMPATIBLE for condition : IKS01A3 Gesture Recognition Condition id : 1595514817492
2020-08-24 13:57:27,384 [INFO] DependencyParser:915 - This component is not compatible with the current MCU : [1595514825809, 1595514825811, 1595514825819]
2020-08-24 13:57:27,384 [INFO] ThirdPartyModel:556 - Component with status : MCU_INCOMPATIBLE for condition : IKS01A3 Dynamic Inclinometer Condition id : 1595514817510
2020-08-24 13:57:27,385 [INFO] DependencyParser:915 - This component is not compatible with the current MCU : [1595514825809, 1595514825811, 1595514825819]
2020-08-24 13:57:27,385 [INFO] ThirdPartyModel:556 - Component with status : MCU_INCOMPATIBLE for condition : IKS01A3 Airplane Detection Condition id : 1595514817528
2020-08-24 13:57:27,387 [INFO] DependencyParser:915 - This component is not compatible with the current MCU : [1595514825809, 1595514825811, 1595514825819]
2020-08-24 13:57:27,387 [INFO] ThirdPartyModel:556 - Component with status : MCU_INCOMPATIBLE for condition : IKS01A2 Accelerometer Calibration Condition id : 1595514817776
2020-08-24 13:57:27,388 [INFO] DependencyParser:915 - This component is not compatible with the current MCU : [1595514825809, 1595514825811, 1595514825819]
2020-08-24 13:57:27,389 [INFO] ThirdPartyModel:556 - Component with status : MCU_INCOMPATIBLE for condition : IKS01A2 Vertical Context Condition id : 1595514817826
2020-08-24 13:57:27,389 [INFO] DependencyParser:915 - This component is not compatible with the current MCU : [1595514825809, 1595514825811, 1595514825819]
2020-08-24 13:57:27,389 [INFO] ThirdPartyModel:556 - Component with status : MCU_INCOMPATIBLE for condition : IKS01A2 Carry Position Condition id : 1595514817844
2020-08-24 13:57:27,390 [INFO] DependencyParser:915 - This component is not compatible with the current MCU : [1595514825809, 1595514825811, 1595514825819]
2020-08-24 13:57:27,390 [INFO] ThirdPartyModel:556 - Component with status : MCU_INCOMPATIBLE for condition : IKS01A2 Gesture Recognition Condition id : 1595514817879
2020-08-24 13:57:27,390 [INFO] DependencyParser:915 - This component is not compatible with the current MCU : [1595514825809, 1595514825811, 1595514825819]
2020-08-24 13:57:27,391 [INFO] ThirdPartyModel:556 - Component with status : MCU_INCOMPATIBLE for condition : IKS01A2 Dynamic Inclinometer Condition id : 1595514817897
2020-08-24 13:57:27,391 [INFO] DependencyParser:915 - This component is not compatible with the current MCU : [1595514825809, 1595514825811, 1595514825819]
2020-08-24 13:57:27,391 [INFO] ThirdPartyModel:556 - Component with status : MCU_INCOMPATIBLE for condition : IKS01A2 Airplane Detection Condition id : 1595514817915
2020-08-24 13:57:27,393 [INFO] DependencyParser:915 - This component is not compatible with the current MCU : [1595514825809, 1595514825811, 1595514825819]
2020-08-24 13:57:27,394 [INFO] ThirdPartyModel:556 - Component with status : MCU_INCOMPATIBLE for condition : CUSTOM Accelerometer Calibration Condition id : 1595514818149
2020-08-24 13:57:27,394 [INFO] DependencyParser:915 - This component is not compatible with the current MCU : [1595514825809, 1595514825811, 1595514825819]
2020-08-24 13:57:27,395 [INFO] ThirdPartyModel:556 - Component with status : MCU_INCOMPATIBLE for condition : CUSTOM Vertical Context Condition id : 1595514818180
2020-08-24 13:57:27,395 [INFO] DependencyParser:915 - This component is not compatible with the current MCU : [1595514825809, 1595514825811, 1595514825819]
2020-08-24 13:57:27,395 [INFO] ThirdPartyModel:556 - Component with status : MCU_INCOMPATIBLE for condition : CUSTOM Carry Position Condition id : 1595514818194
2020-08-24 13:57:27,396 [INFO] DependencyParser:915 - This component is not compatible with the current MCU : [1595514825809, 1595514825811, 1595514825819]
2020-08-24 13:57:27,396 [INFO] ThirdPartyModel:556 - Component with status : MCU_INCOMPATIBLE for condition : CUSTOM Gesture Recognition Condition id : 1595514818219
2020-08-24 13:57:27,396 [INFO] DependencyParser:915 - This component is not compatible with the current MCU : [1595514825809, 1595514825811, 1595514825819]
2020-08-24 13:57:27,396 [INFO] ThirdPartyModel:556 - Component with status : MCU_INCOMPATIBLE for condition : CUSTOM Dynamic Inclinometer Condition id : 1595514818231
2020-08-24 13:57:27,397 [INFO] DependencyParser:915 - This component is not compatible with the current MCU : [1595514825809, 1595514825811, 1595514825819]
2020-08-24 13:57:27,397 [INFO] ThirdPartyModel:556 - Component with status : MCU_INCOMPATIBLE for condition : CUSTOM Airplane Detection Condition id : 1595514818245
2020-08-24 13:57:27,398 [INFO] DependencyParser:915 - This component is not compatible with the current MCU : [1595514825809, 1595514825811, 1595514825819]
2020-08-24 13:57:27,398 [INFO] ThirdPartyModel:556 - Component with status : MCU_INCOMPATIBLE for condition : MotionAC Condition id : 1595514818267
2020-08-24 13:57:27,398 [INFO] DependencyParser:915 - This component is not compatible with the current MCU : [1595514825809, 1595514825811, 1595514825819]
2020-08-24 13:57:27,399 [INFO] ThirdPartyModel:556 - Component with status : MCU_INCOMPATIBLE for condition : MotionVC Condition id : 1595514818275
2020-08-24 13:57:27,399 [INFO] DependencyParser:915 - This component is not compatible with the current MCU : [1595514825809, 1595514825811, 1595514825819]
2020-08-24 13:57:27,399 [INFO] ThirdPartyModel:556 - Component with status : MCU_INCOMPATIBLE for condition : MotionCP Condition id : 1595514818279
2020-08-24 13:57:27,399 [INFO] DependencyParser:915 - This component is not compatible with the current MCU : [1595514825809, 1595514825811, 1595514825819]
2020-08-24 13:57:27,400 [INFO] ThirdPartyModel:556 - Component with status : MCU_INCOMPATIBLE for condition : MotionGR Condition id : 1595514818285
2020-08-24 13:57:27,400 [INFO] DependencyParser:915 - This component is not compatible with the current MCU : [1595514825809, 1595514825811, 1595514825819]
2020-08-24 13:57:27,401 [INFO] ThirdPartyModel:556 - Component with status : MCU_INCOMPATIBLE for condition : MotionDI Condition id : 1595514818289
2020-08-24 13:57:27,401 [INFO] DependencyParser:915 - This component is not compatible with the current MCU : [1595514825809, 1595514825811, 1595514825819]
2020-08-24 13:57:27,401 [INFO] ThirdPartyModel:556 - Component with status : MCU_INCOMPATIBLE for condition : MotionAD Condition id : 1595514818293
2020-08-24 13:57:27,402 [WARN] ApiManager:274 - Cannot register API 'Board Extension:IKS01A3' from pack STMicroelectronics.X-CUBE-MEMS1.7.2.0: no header file found
2020-08-24 13:57:27,404 [WARN] ApiManager:274 - Cannot register API 'Board Extension:IKS01A2' from pack STMicroelectronics.X-CUBE-MEMS1.7.2.0: no header file found
2020-08-24 13:57:27,404 [WARN] ApiManager:274 - Cannot register API 'Board Extension:IKS02A1' from pack STMicroelectronics.X-CUBE-MEMS1.7.2.0: no header file found
2020-08-24 13:57:27,608 [INFO] UtilMem:74 - End LoadConfig() Used Memory: 308011272 Bytes (852492288)
2020-08-24 13:57:27,610 [INFO] DbMcusXml:100 - Load MCU database from C:\Program Files\STMicroelectronics\STM32Cube\STM32CubeMX\\db\/mcu/families.xml
2020-08-24 13:57:28,189 [INFO] DbMcusJson:92 - JSON generation date=Wed Jun 03 16:10:31 WAT 2020 (1591197031)
2020-08-24 13:57:29,238 [INFO] DbMcus:175 - Found 1761 MCUs (1722 are supported by CubeMX, 1727 are visible in CubeMX)
2020-08-24 13:57:29,239 [INFO] ApiDb:192 - User favorites file not found: C:\Users\amamoum1/.stm32cubemx/favorites.mcus.txt
2020-08-24 13:57:29,239 [INFO] DbMcus:187 - Set 0 / 0 favorites MCUs
2020-08-24 13:57:29,242 [WARN] ThirdParty:741 - waiting for thirdparty lock release [change project]
2020-08-24 13:57:29,242 [INFO] ThirdParty:743 - entering critical section [change project]
2020-08-24 13:57:29,242 [INFO] ThirdParty:968 - CMSIS Pack Vendor :STMicroelectronics X-CUBE-BLE1 5.0.0
2020-08-24 13:57:29,242 [INFO] ThirdParty:968 - CMSIS Pack Vendor :STMicroelectronics X-CUBE-SUBG2 1.1.0
2020-08-24 13:57:29,243 [INFO] ThirdParty:968 - CMSIS Pack Vendor :STMicroelectronics X-CUBE-GNSS1 4.1.0
2020-08-24 13:57:29,244 [INFO] ThirdParty:968 - CMSIS Pack Vendor :STMicroelectronics USB_HOST 2.0.0
2020-08-24 13:57:29,244 [INFO] ThirdParty:968 - CMSIS Pack Vendor :STMicroelectronics FreeRTOS 0.0.1
2020-08-24 13:57:29,245 [INFO] ThirdParty:968 - CMSIS Pack Vendor :STMicroelectronics USB_DEVICE 1.0.0
2020-08-24 13:57:29,245 [INFO] ThirdParty:968 - CMSIS Pack Vendor :STMicroelectronics X-CUBE-ALGOBUILD 1.0.0
2020-08-24 13:57:29,245 [INFO] ThirdParty:968 - CMSIS Pack Vendor :STMicroelectronics USB_DEVICE 3.0.0
2020-08-24 13:57:29,246 [INFO] ThirdParty:968 - CMSIS Pack Vendor :STMicroelectronics MBEDTLS 2.16.2
2020-08-24 13:57:29,246 [INFO] ThirdParty:968 - CMSIS Pack Vendor :STMicroelectronics lwIP 2.0.3
2020-08-24 13:57:29,246 [INFO] ThirdParty:968 - CMSIS Pack Vendor :STMicroelectronics lwIP 2.1.2
2020-08-24 13:57:29,246 [INFO] ThirdParty:968 - CMSIS Pack Vendor :STMicroelectronics MBEDTLS 2.14.1
2020-08-24 13:57:29,246 [INFO] ThirdParty:968 - CMSIS Pack Vendor :STMicroelectronics X-CUBE-TOUCHGFX 4.13.0
2020-08-24 13:57:29,246 [INFO] ThirdParty:968 - CMSIS Pack Vendor :STMicroelectronics X-CUBE-NFC4 1.5.2
2020-08-24 13:57:29,246 [INFO] ThirdParty:968 - CMSIS Pack Vendor :STMicroelectronics USB_HOST 1.0.0
2020-08-24 13:57:29,246 [INFO] ThirdParty:968 - CMSIS Pack Vendor :STMicroelectronics PDM2PCM 3.1.0
2020-08-24 13:57:29,246 [INFO] ThirdParty:968 - CMSIS Pack Vendor :STMicroelectronics X-CUBE-AI 5.1.2
2020-08-24 13:57:29,247 [INFO] ThirdParty:968 - CMSIS Pack Vendor :STMicroelectronics X-CUBE-MEMS1 7.2.0
2020-08-24 13:57:29,247 [INFO] ThirdParty:968 - CMSIS Pack Vendor :STMicroelectronics PDM2PCM 3.2.0
2020-08-24 13:57:29,247 [INFO] ThirdParty:968 - CMSIS Pack Vendor :STMicroelectronics USB_DEVICE 2.0.0
2020-08-24 13:57:29,247 [INFO] ThirdParty:968 - CMSIS Pack Vendor :STMicroelectronics PDM2PCM 3.3.0
2020-08-24 13:57:29,247 [INFO] ThirdParty:968 - CMSIS Pack Vendor :STMicroelectronics X-CUBE-BLE2 1.0.0
2020-08-24 13:57:29,247 [INFO] ThirdParty:749 - exiting critical section [change project]
2020-08-24 13:57:29,436 [INFO] PinOutPanel:1418 - setPackage(No Configuration,No Configuration)
2020-08-24 13:57:29,438 [INFO] PinOutPanel:1418 - setPackage(STM32G070RBTx,LQFP64)
2020-08-24 13:57:29,959 [INFO] UtilMem:74 - Before build in PCC Used Memory: 305202792 Bytes (968884224)
2020-08-24 13:57:30,930 [INFO] SharedServices:71 - Folder for power plug-in: C:/Users/amamoum1/.stm32cubemx/plugins/power
2020-08-24 13:57:30,976 [INFO] SharedServices:71 - Folder for power plug-in: C:/Users/amamoum1/.stm32cubemx/plugins/power
2020-08-24 13:57:31,065 [INFO] SharedServices:71 - Folder for power plug-in: C:/Users/amamoum1/.stm32cubemx/plugins/power
2020-08-24 13:57:31,073 [INFO] SharedServices:71 - Folder for power plug-in: C:/Users/amamoum1/.stm32cubemx/plugins/power
2020-08-24 13:57:31,294 [INFO] UtilMem:74 - After build in PCC Used Memory: 386863464 Bytes (968884224)
2020-08-24 13:57:31,317 [INFO] IPUIPlugin:64 - create IPUIPlugin
2020-08-24 13:57:31,318 [INFO] IPUIPlugin:64 - create IPUIPlugin
2020-08-24 13:57:31,318 [INFO] IPUIPlugin:64 - create IPUIPlugin
2020-08-24 13:57:31,319 [INFO] IPUIPlugin:64 - create IPUIPlugin
2020-08-24 13:57:31,319 [INFO] IPUIPlugin:64 - create IPUIPlugin
2020-08-24 13:57:31,319 [INFO] IPUIPlugin:64 - create IPUIPlugin
2020-08-24 13:57:31,320 [INFO] IPUIPlugin:64 - create IPUIPlugin
2020-08-24 13:57:31,320 [INFO] IPUIPlugin:64 - create IPUIPlugin
2020-08-24 13:57:31,321 [INFO] IPUIPlugin:64 - create IPUIPlugin
2020-08-24 13:57:31,321 [INFO] IPUIPlugin:64 - create IPUIPlugin
2020-08-24 13:57:31,321 [INFO] IPUIPlugin:64 - create IPUIPlugin
2020-08-24 13:57:31,321 [INFO] IPUIPlugin:64 - create IPUIPlugin
2020-08-24 13:57:31,322 [INFO] IPUIPlugin:64 - create IPUIPlugin
2020-08-24 13:57:31,322 [INFO] IPUIPlugin:64 - create IPUIPlugin
2020-08-24 13:57:31,322 [INFO] IPUIPlugin:64 - create IPUIPlugin
2020-08-24 13:57:31,323 [INFO] IPUIPlugin:64 - create IPUIPlugin
2020-08-24 13:57:31,323 [INFO] IPUIPlugin:64 - create IPUIPlugin
2020-08-24 13:57:31,323 [INFO] IPUIPlugin:64 - create IPUIPlugin
2020-08-24 13:57:31,324 [INFO] IPUIPlugin:64 - create IPUIPlugin
2020-08-24 13:57:31,324 [INFO] IPUIPlugin:64 - create IPUIPlugin
2020-08-24 13:57:31,325 [INFO] IPUIPlugin:64 - create IPUIPlugin
2020-08-24 13:57:31,325 [INFO] IPUIPlugin:64 - create IPUIPlugin
2020-08-24 13:57:31,325 [INFO] IPUIPlugin:64 - create IPUIPlugin
2020-08-24 13:57:31,326 [INFO] IPUIPlugin:64 - create IPUIPlugin
2020-08-24 13:57:31,326 [INFO] IPUIPlugin:64 - create IPUIPlugin
2020-08-24 13:57:31,326 [INFO] IPUIPlugin:64 - create IPUIPlugin
2020-08-24 13:57:31,327 [INFO] IPUIPlugin:64 - create IPUIPlugin
2020-08-24 13:57:31,327 [INFO] IPUIPlugin:64 - create IPUIPlugin
2020-08-24 13:57:31,327 [INFO] IPUIPlugin:64 - create IPUIPlugin
2020-08-24 13:57:31,328 [INFO] IPUIPlugin:64 - create IPUIPlugin
2020-08-24 13:57:31,782 [INFO] OpenFileManager:294 - Restore cursor
OK
project toolchain "STM32CubeIDE"
OK
project generate
2020-08-24 13:57:32,059 [INFO] UtilMem:74 - End SaveConfig() Used Memory: 525784568 Bytes (968884224)
2020-08-24 13:57:32,547 [INFO] BlockDiagram:2729 - set Specific Code input for plugin: NVIC
2020-08-24 13:57:32,547 [INFO] BlockDiagram:2729 - set Specific Code input for plugin: SYS
2020-08-24 13:57:32,548 [INFO] BlockDiagram:2729 - set Specific Code input for plugin: GPIO
2020-08-24 13:57:32,548 [INFO] BlockDiagram:2729 - set Specific Code input for plugin: ADC
2020-08-24 13:57:32,548 [INFO] BlockDiagram:2729 - set Specific Code input for plugin: RCC
2020-08-24 13:57:32,557 [INFO] CodeGenerator:622 - code generatio: config db path: C:\Program Files\STMicroelectronics\STM32Cube\STM32CubeMX\\db\
2020-08-24 13:57:32,919 [INFO] CodeEngine:188 - oldGeneratedFile, C:\git\g0_topic_porting\Firmware\Projects\NUCLEO-G070RB\Examples_LL\ADC\ADC_ContinuousConversion_TriggerSW_Init\MXTmpFiles\license.tmp_save
2020-08-24 13:57:33,360 [INFO] CodeEngine:206 - Generated code: C:\git\g0_topic_porting\Firmware\Projects\NUCLEO-G070RB\Examples_LL\ADC\ADC_ContinuousConversion_TriggerSW_Init\MXTmpFiles\license.tmp
2020-08-24 13:57:33,544 [INFO] CodeEngine:188 - oldGeneratedFile, C:\git\g0_topic_porting\Firmware\Projects\NUCLEO-G070RB\Examples_LL\ADC\ADC_ContinuousConversion_TriggerSW_Init\MXTmpFiles\gpio.tmp_save
2020-08-24 13:57:33,659 [INFO] CodeEngine:206 - Generated code: C:\git\g0_topic_porting\Firmware\Projects\NUCLEO-G070RB\Examples_LL\ADC\ADC_ContinuousConversion_TriggerSW_Init\MXTmpFiles\gpio.tmp
Command line
2020-08-24 13:57:33,935 [INFO] CodeEngine:188 - oldGeneratedFile, C:\git\g0_topic_porting\Firmware\Projects\NUCLEO-G070RB\Examples_LL\ADC\ADC_ContinuousConversion_TriggerSW_Init\Src\stm32g0xx_it.c_save
2020-08-24 13:57:34,073 [INFO] CodeEngine:206 - Generated code: C:\git\g0_topic_porting\Firmware\Projects\NUCLEO-G070RB\Examples_LL\ADC\ADC_ContinuousConversion_TriggerSW_Init\Src\stm32g0xx_it.c
2020-08-24 13:57:34,090 [INFO] CodeEngine:188 - oldGeneratedFile, C:\git\g0_topic_porting\Firmware\Projects\NUCLEO-G070RB\Examples_LL\ADC\ADC_ContinuousConversion_TriggerSW_Init\Inc\stm32g0xx_it.h_save
2020-08-24 13:57:34,189 [INFO] CodeEngine:206 - Generated code: C:\git\g0_topic_porting\Firmware\Projects\NUCLEO-G070RB\Examples_LL\ADC\ADC_ContinuousConversion_TriggerSW_Init\Inc\stm32g0xx_it.h
2020-08-24 13:57:34,213 [INFO] CodeEngine:188 - oldGeneratedFile, C:\git\g0_topic_porting\Firmware\Projects\NUCLEO-G070RB\Examples_LL\ADC\ADC_ContinuousConversion_TriggerSW_Init\MXTmpFiles\system.tmp_save
2020-08-24 13:57:34,294 [INFO] CodeEngine:206 - Generated code: C:\git\g0_topic_porting\Firmware\Projects\NUCLEO-G070RB\Examples_LL\ADC\ADC_ContinuousConversion_TriggerSW_Init\MXTmpFiles\system.tmp
2020-08-24 13:57:34,315 [INFO] CodeEngine:188 - oldGeneratedFile, C:\git\g0_topic_porting\Firmware\Projects\NUCLEO-G070RB\Examples_LL\ADC\ADC_ContinuousConversion_TriggerSW_Init\Inc\stm32_assert.h_save
2020-08-24 13:57:34,415 [INFO] CodeEngine:206 - Generated code: C:\git\g0_topic_porting\Firmware\Projects\NUCLEO-G070RB\Examples_LL\ADC\ADC_ContinuousConversion_TriggerSW_Init\Inc\stm32_assert.h
2020-08-24 13:57:34,437 [WARN] IPConfigManager:2524 - Warning: the RefConfig RCC_ConfigVoltageScaling is not available in your config.xml file
2020-08-24 13:57:34,437 [WARN] IPConfigManager:2524 - Warning: the RefConfig RCC_LSEDRIVE_CONFIG is not available in your config.xml file
2020-08-24 13:57:34,451 [WARN] IPConfigManager:2524 - Warning: the RefConfig RCC_ClockConfig is not available in your config.xml file
2020-08-24 13:57:34,453 [WARN] IPConfigManager:2524 - Warning: the RefConfig RCC_MCOConfig is not available in your config.xml file
2020-08-24 13:57:34,454 [WARN] IPConfigManager:2524 - Warning: the RefConfig RCC_LSCOConfig is not available in your config.xml file
2020-08-24 13:57:34,454 [WARN] IPConfigManager:2524 - Warning: the RefConfig RCC_RNGDIV_CONFIG is not available in your config.xml file
2020-08-24 13:57:34,474 [WARN] IPConfigManager:2884 - IP not found : gpio
2020-08-24 13:57:34,476 [WARN] CodeGenerator:2866 - IP not found : gpio
2020-08-24 13:57:34,494 [INFO] CodeEngine:188 - oldGeneratedFile, C:\git\g0_topic_porting\Firmware\Projects\NUCLEO-G070RB\Examples_LL\ADC\ADC_ContinuousConversion_TriggerSW_Init\Inc\main.h_save
2020-08-24 13:57:34,605 [INFO] CodeEngine:206 - Generated code: C:\git\g0_topic_porting\Firmware\Projects\NUCLEO-G070RB\Examples_LL\ADC\ADC_ContinuousConversion_TriggerSW_Init\Inc\main.h
2020-08-24 13:57:34,628 [INFO] CodeEngine:188 - oldGeneratedFile, C:\git\g0_topic_porting\Firmware\Projects\NUCLEO-G070RB\Examples_LL\ADC\ADC_ContinuousConversion_TriggerSW_Init\Src\main.c_save
2020-08-24 13:57:34,797 [INFO] CodeEngine:206 - Generated code: C:\git\g0_topic_porting\Firmware\Projects\NUCLEO-G070RB\Examples_LL\ADC\ADC_ContinuousConversion_TriggerSW_Init\Src\main.c
2020-08-24 13:57:35,163 [INFO] ProjectBuilder:2168 - Time for Copy HAL[2] : 0mS.
2020-08-24 13:57:35,168 [INFO] ProjectBuilder:2988 - Project Generator version: 3.10.0-B14
2020-08-24 13:57:35,408 [INFO] ConfigFileManager:1183 - The Die is : DIE460
2020-08-24 13:57:35,422 [INFO] ApiDbMcu:456 - Load IP Config File for FATFS
2020-08-24 13:57:35,429 [INFO] ApiDbMcu:456 - Load IP Config File for FREERTOS
2020-08-24 13:57:41,866 [INFO] ConfigFileManager:2048 - mx.scratch is deleted!
2020-08-24 13:57:41,866 [INFO] ProjectBuilder:3155 - Time for Generating toolchain IDE Files: 6698mS.
2020-08-24 13:57:41,866 [INFO] ProjectBuilder:2044 - Time for Copy CMSIS : 0mS.
2020-08-24 13:57:41,869 [INFO] ProjectBuilder:2044 - Time for Copy CMSIS : 0mS.
OK
exit
Bye bye
