log4j user configuration file not found: C:\Users\amamoum1/.stm32cubemx/log4j.properties
Configure log4j with default settings from jar:file:/C:/Program%20Files/STMicroelectronics/STM32Cube/STM32CubeMX/STM32CubeMX.exe!/log4j/log4j.stm32cubemx.properties
2020-08-24 13:58:55,130 [INFO] MicroXplorer:76 - [MX] MX Start
2020-08-24 13:58:55,132 [INFO] MicroXplorer:566 - Detected Java Version = 1.8.0_241
2020-08-24 13:58:55,433 [INFO] ApplicationProperties:181 - Using Application install path: C:\Program Files\STMicroelectronics\STM32Cube\STM32CubeMX
2020-08-24 13:58:55,444 [INFO] DbMcusXml:70 - Set database path to: C:\Program Files\STMicroelectronics\STM32Cube\STM32CubeMX\\db\/mcu/
2020-08-24 13:58:55,449 [INFO] DbBoardsPdsc:56 - Set plugin database path to: C:\Program Files\STMicroelectronics\STM32Cube\STM32CubeMX\\db\/plugins/boardmanager/
2020-08-24 13:58:55,450 [INFO] DbMcus:258 - Set plugin images path to: C:\Program Files\STMicroelectronics\STM32Cube\STM32CubeMX\\db\/plugins/mcufinder/images/
2020-08-24 13:58:55,450 [INFO] DbBoards:264 - Set plugin images path to: C:\Program Files\STMicroelectronics\STM32Cube\STM32CubeMX\\db\/plugins/mcufinder/images/
2020-08-24 13:58:55,453 [INFO] DbExamples:326 - Set plugin images path to: C:\Program Files\STMicroelectronics\STM32Cube\STM32CubeMX\\db\/plugins/mcufinder/images/
2020-08-24 13:58:55,454 [INFO] McuFinderGlobals:40 - Set McuFinder mode to 1 (CubeMX integrated)
2020-08-24 13:58:55,460 [INFO] DbMcusDocs:112 - Set database path to: C:\Users\amamoum1\.stmcufinder\plugins\mcufinder//mcu/
2020-08-24 13:58:55,461 [INFO] DbMcusJson:63 - Set database path to: C:\Users\amamoum1\.stmcufinder\plugins\mcufinder//mcu/
2020-08-24 13:58:55,462 [INFO] DbBoardsDocs:112 - Set database path to: C:\Users\amamoum1\.stmcufinder\plugins\mcufinder//mcu/
2020-08-24 13:58:55,463 [INFO] DbBoardsJson:56 - Set database path to: C:\Users\amamoum1\.stmcufinder\plugins\mcufinder//mcu/
2020-08-24 13:58:55,514 [INFO] CrossReferenceDbSqlite:196 - Set database path to: C:\Users\amamoum1\.stmcufinder\plugins\mcufinder//mcu/cs/
2020-08-24 13:58:55,518 [INFO] DbExamplesSqlite:800 - Set database path to: C:\Users\amamoum1\.stmcufinder\plugins\mcufinder//mcu/
2020-08-24 13:58:55,662 [INFO] RulesReader:52 - Compatibility file has been processed (209 Rules)
2020-08-24 13:58:55,686 [INFO] STM32CubeMX:31 - Starting STM32CubeMX
2020-08-24 13:58:55,797 [INFO] MainPanel:189 - HeapMemory: 126877696
2020-08-24 13:58:55,892 [INFO] DbMcusXml:70 - Set database path to: C:\Program Files\STMicroelectronics\STM32Cube\STM32CubeMX\\db\/mcu/
2020-08-24 13:58:55,893 [INFO] DbBoardsPdsc:56 - Set plugin database path to: C:\Program Files\STMicroelectronics\STM32Cube\STM32CubeMX\\db\/plugins/boardmanager/
2020-08-24 13:58:55,893 [INFO] DbMcus:258 - Set plugin images path to: C:\Program Files\STMicroelectronics\STM32Cube\STM32CubeMX\\db\/plugins/mcufinder/images/
2020-08-24 13:58:55,893 [INFO] DbBoards:264 - Set plugin images path to: C:\Program Files\STMicroelectronics\STM32Cube\STM32CubeMX\\db\/plugins/mcufinder/images/
2020-08-24 13:58:55,893 [INFO] DbExamples:326 - Set plugin images path to: C:\Program Files\STMicroelectronics\STM32Cube\STM32CubeMX\\db\/plugins/mcufinder/images/
2020-08-24 13:58:55,894 [WARN] DbFile:36 - Overriding database path with different value: C:\Users\amamoum1\.stmcufinder\plugins\mcufinder/ => C:\Users\amamoum1\.stmcufinder\plugins\mcufinder
2020-08-24 13:58:55,894 [INFO] DbMcusDocs:112 - Set database path to: C:\Users\amamoum1\.stmcufinder\plugins\mcufinder//mcu/
2020-08-24 13:58:55,894 [WARN] DbFile:36 - Overriding database path with different value: C:\Users\amamoum1\.stmcufinder\plugins\mcufinder/ => C:\Users\amamoum1\.stmcufinder\plugins\mcufinder
2020-08-24 13:58:55,894 [INFO] DbMcusJson:63 - Set database path to: C:\Users\amamoum1\.stmcufinder\plugins\mcufinder//mcu/
2020-08-24 13:58:55,895 [WARN] DbFile:36 - Overriding database path with different value: C:\Users\amamoum1\.stmcufinder\plugins\mcufinder/ => C:\Users\amamoum1\.stmcufinder\plugins\mcufinder
2020-08-24 13:58:55,895 [INFO] DbBoardsDocs:112 - Set database path to: C:\Users\amamoum1\.stmcufinder\plugins\mcufinder//mcu/
2020-08-24 13:58:55,895 [WARN] DbFile:36 - Overriding database path with different value: C:\Users\amamoum1\.stmcufinder\plugins\mcufinder/ => C:\Users\amamoum1\.stmcufinder\plugins\mcufinder
2020-08-24 13:58:55,895 [INFO] DbBoardsJson:56 - Set database path to: C:\Users\amamoum1\.stmcufinder\plugins\mcufinder//mcu/
2020-08-24 13:58:55,895 [WARN] DbFile:36 - Overriding database path with different value: C:\Users\amamoum1\.stmcufinder\plugins\mcufinder/ => C:\Users\amamoum1\.stmcufinder\plugins\mcufinder
2020-08-24 13:58:55,895 [WARN] DbFile:36 - Overriding database path with different value: C:\Users\amamoum1\.stmcufinder\plugins\mcufinder/ => C:\Users\amamoum1\.stmcufinder\plugins\mcufinder
2020-08-24 13:58:56,005 [INFO] CrossReferenceDbSqlite:196 - Set database path to: C:\Users\amamoum1\.stmcufinder\plugins\mcufinder//mcu/cs/
2020-08-24 13:58:56,006 [WARN] DbFile:36 - Overriding database path with different value: C:\Users\amamoum1\.stmcufinder\plugins\mcufinder/ => C:\Users\amamoum1\.stmcufinder\plugins\mcufinder
2020-08-24 13:58:56,006 [INFO] DbExamplesSqlite:800 - Set database path to: C:\Users\amamoum1\.stmcufinder\plugins\mcufinder//mcu/
2020-08-24 13:58:56,056 [INFO] ApplicationProperties:181 - Using Application install path: C:\Program Files\STMicroelectronics\STM32Cube\STM32CubeMX
2020-08-24 13:58:56,059 [INFO] PluginManage:178 - Search for loadable plugins [exclusion list=, ]
2020-08-24 13:58:56,066 [INFO] PluginManage:292 - Check plugin analytics
2020-08-24 13:58:56,444 [INFO] AnalyticsPlugin:203 - Accepted Software Licenses: STM32CubeMX.6.0.0-A5,STM32CubeMX.5.4.0-A12,STM32CubeMX.6.0.0-A6,STM32CubeMX.5.5.0-A4,STM32CubeMX.5.6.0-A1,STM32CubeMX.5.6.0-A3,STM32CubeMX.6.4.0-D36,STM32CubeMX.6.4.0-D37,STM32CubeMX.5.6.1,STM32CubeMX.6.0.0-B1,STM32CubeMX.6.0.0-B2,STM32CubeMX.6.0.0-B4,STM32CubeMX.6.0.0-B6,STM32CubeMX.6.0.0-B5,STM32CubeMX.6.0.0-B7
2020-08-24 13:58:56,445 [INFO] AnalyticsPlugin:205 - Accepted CMSIS Pack Licenses: 
2020-08-24 13:58:56,445 [INFO] AnalyticsPlugin:207 - Accepted Firmware Licenses: 
2020-08-24 13:58:56,446 [INFO] PluginManage:342 - Loaded plugin analytics (category:tool,tabindex:-1)
2020-08-24 13:58:56,447 [INFO] PluginManage:292 - Check plugin clock
2020-08-24 13:58:56,456 [INFO] PluginManage:342 - Loaded plugin clock (category:base,tabindex:2)
2020-08-24 13:58:56,457 [INFO] PluginManage:292 - Check plugin ddr
2020-08-24 13:58:56,460 [INFO] PluginManage:342 - Loaded plugin ddr (category:tool,tabindex:6)
2020-08-24 13:58:56,460 [INFO] PluginManage:292 - Check plugin filemanager
2020-08-24 13:58:56,554 [INFO] PluginManage:342 - Loaded plugin filemanager (category:base,tabindex:10)
2020-08-24 13:58:56,555 [INFO] PluginManage:292 - Check plugin ipmanager
2020-08-24 13:58:56,572 [INFO] PluginManage:342 - Loaded plugin ipmanager (category:base,tabindex:5)
2020-08-24 13:58:56,572 [INFO] PluginManage:292 - Check plugin pinoutandconfiguration
2020-08-24 13:58:56,579 [INFO] PluginManage:342 - Loaded plugin pinoutandconfiguration (category:base,tabindex:1)
2020-08-24 13:58:56,580 [INFO] PluginManage:292 - Check plugin pinoutconfig
2020-08-24 13:58:56,621 [INFO] PluginManage:342 - Loaded plugin pinoutconfig (category:base,tabindex:0)
2020-08-24 13:58:56,621 [INFO] PluginManage:292 - Check plugin power
2020-08-24 13:58:56,628 [INFO] PluginManage:342 - Loaded plugin power (category:power,tabindex:4)
2020-08-24 13:58:56,628 [INFO] PluginManage:292 - Check plugin projectmanager
2020-08-24 13:58:56,690 [INFO] PluginManage:342 - Loaded plugin projectmanager (category:projectmanager,tabindex:3)
2020-08-24 13:58:56,691 [INFO] PluginManage:292 - Check plugin thirdparty
2020-08-24 13:58:56,770 [INFO] ThirdPartyDb:333 - Open Third Party DataBase File (C:/Users/amamoum1/.stm32cubemx/plugins/thirdparty/db/thirdparties_db.xml) : 33 ms. number of Sw pack : 22
2020-08-24 13:58:56,774 [INFO] PluginManage:342 - Loaded plugin thirdparty (category:base,tabindex:-1)
2020-08-24 13:58:56,774 [INFO] PluginManage:292 - Check plugin tools
2020-08-24 13:58:56,777 [INFO] PluginManage:342 - Loaded plugin tools (category:base,tabindex:7)
2020-08-24 13:58:56,777 [INFO] PluginManage:292 - Check plugin tutovideos
2020-08-24 13:58:56,946 [INFO] PluginManage:342 - Loaded plugin tutovideos (category:base,tabindex:-1)
2020-08-24 13:58:56,947 [INFO] PluginManage:292 - Check plugin updater
2020-08-24 13:58:56,956 [INFO] PluginManage:342 - Loaded plugin updater (category:base,tabindex:12)
2020-08-24 13:58:56,957 [INFO] PluginManage:265 - PluginManage : Loaded plugins [13]
2020-08-24 13:58:57,089 [INFO] PinOutPanel:1418 - setPackage(No Configuration,No Configuration)
2020-08-24 13:58:57,172 [INFO] IPUIPlugin:64 - create IPUIPlugin
2020-08-24 13:58:57,173 [INFO] PluginManager:200 - loadIPPluginJar : add adc
2020-08-24 13:58:57,175 [INFO] IPUIPlugin:64 - create IPUIPlugin
2020-08-24 13:58:57,175 [INFO] PluginManager:200 - loadIPPluginJar : add aes
2020-08-24 13:58:57,177 [INFO] IPUIPlugin:64 - create IPUIPlugin
2020-08-24 13:58:57,177 [INFO] PluginManager:200 - loadIPPluginJar : add can
2020-08-24 13:58:57,179 [INFO] IPUIPlugin:64 - create IPUIPlugin
2020-08-24 13:58:57,179 [INFO] PluginManager:200 - loadIPPluginJar : add comp
2020-08-24 13:58:57,181 [INFO] IPUIPlugin:64 - create IPUIPlugin
2020-08-24 13:58:57,181 [INFO] PluginManager:200 - loadIPPluginJar : add cryp
2020-08-24 13:58:57,184 [INFO] IPUIPlugin:64 - create IPUIPlugin
2020-08-24 13:58:57,184 [INFO] PluginManager:200 - loadIPPluginJar : add dfsdm
2020-08-24 13:58:57,188 [INFO] IPUIPlugin:64 - create IPUIPlugin
2020-08-24 13:58:57,189 [INFO] PluginManager:200 - loadIPPluginJar : add dma
2020-08-24 13:58:57,190 [INFO] IPUIPlugin:64 - create IPUIPlugin
2020-08-24 13:58:57,191 [INFO] PluginManager:200 - loadIPPluginJar : add fatfs
2020-08-24 13:58:57,194 [INFO] IPUIPlugin:64 - create IPUIPlugin
2020-08-24 13:58:57,194 [INFO] PluginManager:200 - loadIPPluginJar : add fmc
2020-08-24 13:58:57,199 [INFO] IPUIPlugin:64 - create IPUIPlugin
2020-08-24 13:58:57,199 [INFO] PluginManager:200 - loadIPPluginJar : add freertos
2020-08-24 13:58:57,200 [INFO] IPUIPlugin:64 - create IPUIPlugin
2020-08-24 13:58:57,200 [INFO] PluginManager:200 - loadIPPluginJar : add genericplugin
2020-08-24 13:58:57,202 [INFO] IPUIPlugin:64 - create IPUIPlugin
2020-08-24 13:58:57,202 [INFO] PluginManager:200 - loadIPPluginJar : add gfxmmu
2020-08-24 13:58:57,206 [INFO] IPUIPlugin:64 - create IPUIPlugin
2020-08-24 13:58:57,206 [INFO] PluginManager:200 - loadIPPluginJar : add gic
2020-08-24 13:58:57,209 [INFO] IPUIPlugin:64 - create IPUIPlugin
2020-08-24 13:58:57,209 [INFO] PluginManager:200 - loadIPPluginJar : add gpio
2020-08-24 13:58:57,211 [INFO] IPUIPlugin:64 - create IPUIPlugin
2020-08-24 13:58:57,211 [INFO] PluginManager:200 - loadIPPluginJar : add gtzc
2020-08-24 13:58:57,213 [INFO] IPUIPlugin:64 - create IPUIPlugin
2020-08-24 13:58:57,213 [INFO] PluginManager:200 - loadIPPluginJar : add hash
2020-08-24 13:58:57,215 [INFO] IPUIPlugin:64 - create IPUIPlugin
2020-08-24 13:58:57,216 [INFO] PluginManager:200 - loadIPPluginJar : add i2c
2020-08-24 13:58:57,217 [INFO] IPUIPlugin:64 - create IPUIPlugin
2020-08-24 13:58:57,218 [INFO] PluginManager:200 - loadIPPluginJar : add i2s
2020-08-24 13:58:57,221 [INFO] IPUIPlugin:64 - create IPUIPlugin
2020-08-24 13:58:57,221 [INFO] PluginManager:200 - loadIPPluginJar : add ipddr
2020-08-24 13:58:57,222 [INFO] IPUIPlugin:64 - create IPUIPlugin
2020-08-24 13:58:57,222 [INFO] PluginManager:200 - loadIPPluginJar : add ltdc
2020-08-24 13:58:57,225 [INFO] IPUIPlugin:64 - create IPUIPlugin
2020-08-24 13:58:57,225 [INFO] PluginManager:200 - loadIPPluginJar : add mdma
2020-08-24 13:58:57,227 [INFO] IPUIPlugin:64 - create IPUIPlugin
2020-08-24 13:58:57,228 [INFO] PluginManager:200 - loadIPPluginJar : add nvic
2020-08-24 13:58:57,229 [INFO] IPUIPlugin:64 - create IPUIPlugin
2020-08-24 13:58:57,229 [INFO] PluginManager:200 - loadIPPluginJar : add opamp
2020-08-24 13:58:57,235 [INFO] IPUIPlugin:64 - create IPUIPlugin
2020-08-24 13:58:57,235 [INFO] PluginManager:200 - loadIPPluginJar : add openamp
2020-08-24 13:58:57,237 [INFO] IPUIPlugin:64 - create IPUIPlugin
2020-08-24 13:58:57,237 [INFO] PluginManager:200 - loadIPPluginJar : add pdm2pcm
2020-08-24 13:58:57,241 [INFO] IPUIPlugin:64 - create IPUIPlugin
2020-08-24 13:58:57,243 [INFO] PluginManager:200 - loadIPPluginJar : add plateformsettings
2020-08-24 13:58:57,245 [INFO] IPUIPlugin:64 - create IPUIPlugin
2020-08-24 13:58:57,245 [INFO] PluginManager:200 - loadIPPluginJar : add quadspi
2020-08-24 13:58:57,247 [INFO] IPUIPlugin:64 - create IPUIPlugin
2020-08-24 13:58:57,247 [INFO] PluginManager:200 - loadIPPluginJar : add resmgrutility
2020-08-24 13:58:57,250 [INFO] IPUIPlugin:64 - create IPUIPlugin
2020-08-24 13:58:57,250 [INFO] PluginManager:200 - loadIPPluginJar : add sai
2020-08-24 13:58:57,252 [INFO] IPUIPlugin:64 - create IPUIPlugin
2020-08-24 13:58:57,252 [INFO] PluginManager:200 - loadIPPluginJar : add spi
2020-08-24 13:58:57,254 [INFO] IPUIPlugin:64 - create IPUIPlugin
2020-08-24 13:58:57,255 [INFO] PluginManager:200 - loadIPPluginJar : add stm32_wpan
2020-08-24 13:58:57,256 [INFO] IPUIPlugin:64 - create IPUIPlugin
2020-08-24 13:58:57,256 [INFO] PluginManager:200 - loadIPPluginJar : add tim
2020-08-24 13:58:57,259 [INFO] IPUIPlugin:64 - create IPUIPlugin
2020-08-24 13:58:57,259 [INFO] PluginManager:200 - loadIPPluginJar : add touchsensing
2020-08-24 13:58:57,261 [INFO] IPUIPlugin:64 - create IPUIPlugin
2020-08-24 13:58:57,261 [INFO] PluginManager:200 - loadIPPluginJar : add tracer_emb
2020-08-24 13:58:57,262 [INFO] IPUIPlugin:64 - create IPUIPlugin
2020-08-24 13:58:57,263 [INFO] PluginManager:200 - loadIPPluginJar : add ts
2020-08-24 13:58:57,264 [INFO] IPUIPlugin:64 - create IPUIPlugin
2020-08-24 13:58:57,264 [INFO] PluginManager:200 - loadIPPluginJar : add tsc
2020-08-24 13:58:57,265 [INFO] IPUIPlugin:64 - create IPUIPlugin
2020-08-24 13:58:57,266 [INFO] PluginManager:200 - loadIPPluginJar : add ucpd
2020-08-24 13:58:57,268 [INFO] IPUIPlugin:64 - create IPUIPlugin
2020-08-24 13:58:57,268 [INFO] PluginManager:200 - loadIPPluginJar : add usart
2020-08-24 13:58:58,585 [INFO] Updater:904 - Updater Version found : 6.0.0-B7
2020-08-24 13:58:58,599 [INFO] ApplicationProperties:181 - Using Application install path: C:\Program Files\STMicroelectronics\STM32Cube\STM32CubeMX
2020-08-24 13:58:58,684 [INFO] MainUpdater:2268 - connection check result : 10
2020-08-24 13:58:58,686 [INFO] MainUpdater:239 - Updater Check For Update Now.
2020-08-24 13:58:58,686 [INFO] MicroXplorer:416 - Change Database Version : DB.6.0.0
2020-08-24 13:58:58,780 [INFO] CheckServerUpdateThread:102 - End of CheckServer Thread
2020-08-24 13:58:59,719 [INFO] HomeAdPanel:50 - Auto-refresh data requested => check proxy status ongoing
2020-08-24 13:58:59,759 [INFO] LoadUrlFilesThread:162 - End of LoadServerUrlFiles without Thread
2020-08-24 13:58:59,772 [INFO] DetailPanel:331 - Set advertising image to C:/Users/amamoum1/STM32Cube/Repository/\stm32cubemx-promo_image.jpg
2020-08-24 13:58:59,774 [INFO] LoadUrlFilesThread:162 - End of LoadServerUrlFiles without Thread
2020-08-24 13:58:59,774 [INFO] DetailPanel:331 - Set advertising image to C:/Users/amamoum1/STM32Cube/Repository/\stm32cubemx-promo_image.jpg
2020-08-24 13:58:59,775 [WARN] IntegrityCheckThread:61 - waiting for thirdparty lock release [integrity check]
2020-08-24 13:58:59,775 [INFO] IntegrityCheckThread:63 - entering critical section [integrity check]
2020-08-24 13:58:59,808 [INFO] MicroXplorer:386 - Change Database Path : 
2020-08-24 13:58:59,808 [INFO] MicroXplorer:416 - Change Database Version : DB.6.0.0
2020-08-24 13:58:59,808 [WARN] ThirdParty:775 - waiting for thirdparty lock release [close project]
2020-08-24 13:58:59,825 [INFO] ThirdPartyDb:299 - Save Third Party DataBase File (C:/Users/amamoum1/.stm32cubemx/plugins/thirdparty/db/thirdparties_db.xml) [forced]
2020-08-24 13:58:59,850 [INFO] ThirdPartyDb:299 - Save Third Party DataBase File (C:/Users/amamoum1/.stm32cubemx/plugins/thirdparty/db/thirdparties_db.xml) [forced]
2020-08-24 13:58:59,868 [INFO] IntegrityCheckThread:76 - exiting critical section [integrity check]
2020-08-24 13:58:59,868 [INFO] IntegrityCheckThread:79 - End integrity checks thread
2020-08-24 13:58:59,868 [INFO] ThirdParty:777 - entering critical section [close project]
2020-08-24 13:58:59,869 [INFO] ThirdParty:790 - exiting critical section [close project]
2020-08-24 13:58:59,873 [INFO] PinOutPanel:1418 - setPackage(No Configuration,No Configuration)
2020-08-24 13:58:59,925 [INFO] MainFrame:166 - [MX] HOME_PANEL
2020-08-24 13:58:59,932 [INFO] HomeAdPanel:146 - scale :0.4630454140694568
config load "C:\git\g0_topic_porting\Firmware\Projects\NUCLEO-G070RB\Examples_LL\ADC\ADC_SingleConversion_TriggerSW_Init\ADC_SingleConversion_TriggerSW_Init.ioc"
2020-08-24 13:59:00,100 [INFO] MicroXplorer:386 - Change Database Path : 
2020-08-24 13:59:00,100 [INFO] MicroXplorer:416 - Change Database Version : DB.6.0.0
2020-08-24 13:59:00,101 [WARN] ThirdParty:775 - waiting for thirdparty lock release [close project]
2020-08-24 13:59:00,101 [INFO] ThirdParty:777 - entering critical section [close project]
2020-08-24 13:59:00,101 [INFO] ThirdParty:790 - exiting critical section [close project]
2020-08-24 13:59:00,101 [INFO] PinOutPanel:1418 - setPackage(No Configuration,No Configuration)
2020-08-24 13:59:00,112 [INFO] UtilMem:74 - Begin LoadConfig() Used Memory: 137044472 Bytes (266338304)
2020-08-24 13:59:00,116 [INFO] OpenFileManager:274 - Change cursor
2020-08-24 13:59:02,331 [WARN] ApiManager:274 - Cannot register API 'Board Extension:S2868A1' from pack STMicroelectronics.X-CUBE-SUBG2.1.1.0: no header file found
2020-08-24 13:59:02,331 [WARN] ApiManager:274 - Cannot register API 'Board Extension:S2868A2' from pack STMicroelectronics.X-CUBE-SUBG2.1.1.0: no header file found
2020-08-24 13:59:02,332 [WARN] ApiManager:274 - Cannot register API 'Board Extension:S2915A1' from pack STMicroelectronics.X-CUBE-SUBG2.1.1.0: no header file found
2020-08-24 13:59:02,334 [WARN] ApiManager:274 - Cannot register API 'Board Extension:GNSS1A1' from pack STMicroelectronics.X-CUBE-GNSS1.4.1.0: no header file found
2020-08-24 13:59:02,335 [WARN] ApiManager:274 - Cannot register API 'Board Support:Custom' from pack STMicroelectronics.X-CUBE-GNSS1.4.1.0: no header file found
2020-08-24 13:59:02,335 [WARN] ApiManager:274 - Cannot register API 'Data Exchange:LibGNSS' from pack STMicroelectronics.X-CUBE-GNSS1.4.1.0: no header file found
2020-08-24 13:59:02,336 [WARN] ApiManager:274 - Cannot register API 'Data Exchange:Interface' from pack STMicroelectronics.X-CUBE-GNSS1.4.1.0: no header file found
2020-08-24 13:59:02,342 [INFO] RtosManager:456 - Registered RTOS mode: class=CMSIS, group=RTOS, mode=CMSIS_V1, owner=FREERTOS
2020-08-24 13:59:02,343 [INFO] RtosManager:456 - Registered RTOS mode: class=CMSIS, group=RTOS2, mode=CMSIS_V2, owner=FREERTOS
2020-08-24 13:59:02,343 [INFO] RtosManager:456 - Registered RTOS mode: class=RTOS, group=Core, mode=CMSIS_V1, owner=FREERTOS
2020-08-24 13:59:02,344 [INFO] RtosManager:456 - Registered RTOS mode: class=RTOS, group=Core, mode=CMSIS_V2, owner=FREERTOS
2020-08-24 13:59:02,344 [WARN] ModelIntegratedComponent:188 - Missing modes for component 1593590820782
2020-08-24 13:59:02,399 [INFO] DependencyParser:915 - This component is not compatible with the current MCU : [1595514825809, 1595514825811, 1595514825819]
2020-08-24 13:59:02,400 [INFO] ThirdPartyModel:556 - Component with status : MCU_INCOMPATIBLE for condition : IKS01A3 Accelerometer Calibration Condition id : 1595514817389
2020-08-24 13:59:02,400 [INFO] DependencyParser:915 - This component is not compatible with the current MCU : [1595514825809, 1595514825811, 1595514825819]
2020-08-24 13:59:02,401 [INFO] ThirdPartyModel:556 - Component with status : MCU_INCOMPATIBLE for condition : IKS01A3 Vertical Context Condition id : 1595514817439
2020-08-24 13:59:02,401 [INFO] DependencyParser:915 - This component is not compatible with the current MCU : [1595514825809, 1595514825811, 1595514825819]
2020-08-24 13:59:02,401 [INFO] ThirdPartyModel:556 - Component with status : MCU_INCOMPATIBLE for condition : IKS01A3 Carry Position Condition id : 1595514817457
2020-08-24 13:59:02,402 [INFO] DependencyParser:915 - This component is not compatible with the current MCU : [1595514825809, 1595514825811, 1595514825819]
2020-08-24 13:59:02,402 [INFO] ThirdPartyModel:556 - Component with status : MCU_INCOMPATIBLE for condition : IKS01A3 Gesture Recognition Condition id : 1595514817492
2020-08-24 13:59:02,402 [INFO] DependencyParser:915 - This component is not compatible with the current MCU : [1595514825809, 1595514825811, 1595514825819]
2020-08-24 13:59:02,402 [INFO] ThirdPartyModel:556 - Component with status : MCU_INCOMPATIBLE for condition : IKS01A3 Dynamic Inclinometer Condition id : 1595514817510
2020-08-24 13:59:02,402 [INFO] DependencyParser:915 - This component is not compatible with the current MCU : [1595514825809, 1595514825811, 1595514825819]
2020-08-24 13:59:02,403 [INFO] ThirdPartyModel:556 - Component with status : MCU_INCOMPATIBLE for condition : IKS01A3 Airplane Detection Condition id : 1595514817528
2020-08-24 13:59:02,405 [INFO] DependencyParser:915 - This component is not compatible with the current MCU : [1595514825809, 1595514825811, 1595514825819]
2020-08-24 13:59:02,405 [INFO] ThirdPartyModel:556 - Component with status : MCU_INCOMPATIBLE for condition : IKS01A2 Accelerometer Calibration Condition id : 1595514817776
2020-08-24 13:59:02,406 [INFO] DependencyParser:915 - This component is not compatible with the current MCU : [1595514825809, 1595514825811, 1595514825819]
2020-08-24 13:59:02,406 [INFO] ThirdPartyModel:556 - Component with status : MCU_INCOMPATIBLE for condition : IKS01A2 Vertical Context Condition id : 1595514817826
2020-08-24 13:59:02,407 [INFO] DependencyParser:915 - This component is not compatible with the current MCU : [1595514825809, 1595514825811, 1595514825819]
2020-08-24 13:59:02,407 [INFO] ThirdPartyModel:556 - Component with status : MCU_INCOMPATIBLE for condition : IKS01A2 Carry Position Condition id : 1595514817844
2020-08-24 13:59:02,408 [INFO] DependencyParser:915 - This component is not compatible with the current MCU : [1595514825809, 1595514825811, 1595514825819]
2020-08-24 13:59:02,408 [INFO] ThirdPartyModel:556 - Component with status : MCU_INCOMPATIBLE for condition : IKS01A2 Gesture Recognition Condition id : 1595514817879
2020-08-24 13:59:02,408 [INFO] DependencyParser:915 - This component is not compatible with the current MCU : [1595514825809, 1595514825811, 1595514825819]
2020-08-24 13:59:02,408 [INFO] ThirdPartyModel:556 - Component with status : MCU_INCOMPATIBLE for condition : IKS01A2 Dynamic Inclinometer Condition id : 1595514817897
2020-08-24 13:59:02,409 [INFO] DependencyParser:915 - This component is not compatible with the current MCU : [1595514825809, 1595514825811, 1595514825819]
2020-08-24 13:59:02,409 [INFO] ThirdPartyModel:556 - Component with status : MCU_INCOMPATIBLE for condition : IKS01A2 Airplane Detection Condition id : 1595514817915
2020-08-24 13:59:02,410 [INFO] DependencyParser:915 - This component is not compatible with the current MCU : [1595514825809, 1595514825811, 1595514825819]
2020-08-24 13:59:02,410 [INFO] ThirdPartyModel:556 - Component with status : MCU_INCOMPATIBLE for condition : CUSTOM Accelerometer Calibration Condition id : 1595514818149
2020-08-24 13:59:02,410 [INFO] DependencyParser:915 - This component is not compatible with the current MCU : [1595514825809, 1595514825811, 1595514825819]
2020-08-24 13:59:02,411 [INFO] ThirdPartyModel:556 - Component with status : MCU_INCOMPATIBLE for condition : CUSTOM Vertical Context Condition id : 1595514818180
2020-08-24 13:59:02,411 [INFO] DependencyParser:915 - This component is not compatible with the current MCU : [1595514825809, 1595514825811, 1595514825819]
2020-08-24 13:59:02,411 [INFO] ThirdPartyModel:556 - Component with status : MCU_INCOMPATIBLE for condition : CUSTOM Carry Position Condition id : 1595514818194
2020-08-24 13:59:02,411 [INFO] DependencyParser:915 - This component is not compatible with the current MCU : [1595514825809, 1595514825811, 1595514825819]
2020-08-24 13:59:02,411 [INFO] ThirdPartyModel:556 - Component with status : MCU_INCOMPATIBLE for condition : CUSTOM Gesture Recognition Condition id : 1595514818219
2020-08-24 13:59:02,412 [INFO] DependencyParser:915 - This component is not compatible with the current MCU : [1595514825809, 1595514825811, 1595514825819]
2020-08-24 13:59:02,412 [INFO] ThirdPartyModel:556 - Component with status : MCU_INCOMPATIBLE for condition : CUSTOM Dynamic Inclinometer Condition id : 1595514818231
2020-08-24 13:59:02,412 [INFO] DependencyParser:915 - This component is not compatible with the current MCU : [1595514825809, 1595514825811, 1595514825819]
2020-08-24 13:59:02,413 [INFO] ThirdPartyModel:556 - Component with status : MCU_INCOMPATIBLE for condition : CUSTOM Airplane Detection Condition id : 1595514818245
2020-08-24 13:59:02,413 [INFO] DependencyParser:915 - This component is not compatible with the current MCU : [1595514825809, 1595514825811, 1595514825819]
2020-08-24 13:59:02,413 [INFO] ThirdPartyModel:556 - Component with status : MCU_INCOMPATIBLE for condition : MotionAC Condition id : 1595514818267
2020-08-24 13:59:02,413 [INFO] DependencyParser:915 - This component is not compatible with the current MCU : [1595514825809, 1595514825811, 1595514825819]
2020-08-24 13:59:02,414 [INFO] ThirdPartyModel:556 - Component with status : MCU_INCOMPATIBLE for condition : MotionVC Condition id : 1595514818275
2020-08-24 13:59:02,414 [INFO] DependencyParser:915 - This component is not compatible with the current MCU : [1595514825809, 1595514825811, 1595514825819]
2020-08-24 13:59:02,414 [INFO] ThirdPartyModel:556 - Component with status : MCU_INCOMPATIBLE for condition : MotionCP Condition id : 1595514818279
2020-08-24 13:59:02,415 [INFO] DependencyParser:915 - This component is not compatible with the current MCU : [1595514825809, 1595514825811, 1595514825819]
2020-08-24 13:59:02,415 [INFO] ThirdPartyModel:556 - Component with status : MCU_INCOMPATIBLE for condition : MotionGR Condition id : 1595514818285
2020-08-24 13:59:02,415 [INFO] DependencyParser:915 - This component is not compatible with the current MCU : [1595514825809, 1595514825811, 1595514825819]
2020-08-24 13:59:02,415 [INFO] ThirdPartyModel:556 - Component with status : MCU_INCOMPATIBLE for condition : MotionDI Condition id : 1595514818289
2020-08-24 13:59:02,416 [INFO] DependencyParser:915 - This component is not compatible with the current MCU : [1595514825809, 1595514825811, 1595514825819]
2020-08-24 13:59:02,416 [INFO] ThirdPartyModel:556 - Component with status : MCU_INCOMPATIBLE for condition : MotionAD Condition id : 1595514818293
2020-08-24 13:59:02,417 [WARN] ApiManager:274 - Cannot register API 'Board Extension:IKS01A3' from pack STMicroelectronics.X-CUBE-MEMS1.7.2.0: no header file found
2020-08-24 13:59:02,417 [WARN] ApiManager:274 - Cannot register API 'Board Extension:IKS01A2' from pack STMicroelectronics.X-CUBE-MEMS1.7.2.0: no header file found
2020-08-24 13:59:02,418 [WARN] ApiManager:274 - Cannot register API 'Board Extension:IKS02A1' from pack STMicroelectronics.X-CUBE-MEMS1.7.2.0: no header file found
2020-08-24 13:59:02,715 [INFO] UtilMem:74 - End LoadConfig() Used Memory: 187788616 Bytes (839385088)
2020-08-24 13:59:02,716 [INFO] DbMcusXml:100 - Load MCU database from C:\Program Files\STMicroelectronics\STM32Cube\STM32CubeMX\\db\/mcu/families.xml
2020-08-24 13:59:03,230 [INFO] DbMcusJson:92 - JSON generation date=Wed Jun 03 16:10:31 WAT 2020 (1591197031)
2020-08-24 13:59:03,949 [INFO] DbMcus:175 - Found 1761 MCUs (1722 are supported by CubeMX, 1727 are visible in CubeMX)
2020-08-24 13:59:03,950 [INFO] ApiDb:192 - User favorites file not found: C:\Users\amamoum1/.stm32cubemx/favorites.mcus.txt
2020-08-24 13:59:03,950 [INFO] DbMcus:187 - Set 0 / 0 favorites MCUs
2020-08-24 13:59:03,954 [WARN] ThirdParty:741 - waiting for thirdparty lock release [change project]
2020-08-24 13:59:03,954 [INFO] ThirdParty:743 - entering critical section [change project]
2020-08-24 13:59:03,954 [INFO] ThirdParty:968 - CMSIS Pack Vendor :STMicroelectronics X-CUBE-BLE1 5.0.0
2020-08-24 13:59:03,954 [INFO] ThirdParty:968 - CMSIS Pack Vendor :STMicroelectronics X-CUBE-SUBG2 1.1.0
2020-08-24 13:59:03,954 [INFO] ThirdParty:968 - CMSIS Pack Vendor :STMicroelectronics X-CUBE-GNSS1 4.1.0
2020-08-24 13:59:03,955 [INFO] ThirdParty:968 - CMSIS Pack Vendor :STMicroelectronics USB_HOST 2.0.0
2020-08-24 13:59:03,955 [INFO] ThirdParty:968 - CMSIS Pack Vendor :STMicroelectronics FreeRTOS 0.0.1
2020-08-24 13:59:03,955 [INFO] ThirdParty:968 - CMSIS Pack Vendor :STMicroelectronics USB_DEVICE 1.0.0
2020-08-24 13:59:03,955 [INFO] ThirdParty:968 - CMSIS Pack Vendor :STMicroelectronics X-CUBE-ALGOBUILD 1.0.0
2020-08-24 13:59:03,955 [INFO] ThirdParty:968 - CMSIS Pack Vendor :STMicroelectronics USB_DEVICE 3.0.0
2020-08-24 13:59:03,956 [INFO] ThirdParty:968 - CMSIS Pack Vendor :STMicroelectronics MBEDTLS 2.16.2
2020-08-24 13:59:03,956 [INFO] ThirdParty:968 - CMSIS Pack Vendor :STMicroelectronics lwIP 2.0.3
2020-08-24 13:59:03,956 [INFO] ThirdParty:968 - CMSIS Pack Vendor :STMicroelectronics lwIP 2.1.2
2020-08-24 13:59:03,956 [INFO] ThirdParty:968 - CMSIS Pack Vendor :STMicroelectronics MBEDTLS 2.14.1
2020-08-24 13:59:03,956 [INFO] ThirdParty:968 - CMSIS Pack Vendor :STMicroelectronics X-CUBE-TOUCHGFX 4.13.0
2020-08-24 13:59:03,957 [INFO] ThirdParty:968 - CMSIS Pack Vendor :STMicroelectronics X-CUBE-NFC4 1.5.2
2020-08-24 13:59:03,957 [INFO] ThirdParty:968 - CMSIS Pack Vendor :STMicroelectronics USB_HOST 1.0.0
2020-08-24 13:59:03,957 [INFO] ThirdParty:968 - CMSIS Pack Vendor :STMicroelectronics PDM2PCM 3.1.0
2020-08-24 13:59:03,957 [INFO] ThirdParty:968 - CMSIS Pack Vendor :STMicroelectronics X-CUBE-AI 5.1.2
2020-08-24 13:59:03,957 [INFO] ThirdParty:968 - CMSIS Pack Vendor :STMicroelectronics X-CUBE-MEMS1 7.2.0
2020-08-24 13:59:03,957 [INFO] ThirdParty:968 - CMSIS Pack Vendor :STMicroelectronics PDM2PCM 3.2.0
2020-08-24 13:59:03,957 [INFO] ThirdParty:968 - CMSIS Pack Vendor :STMicroelectronics USB_DEVICE 2.0.0
2020-08-24 13:59:03,958 [INFO] ThirdParty:968 - CMSIS Pack Vendor :STMicroelectronics PDM2PCM 3.3.0
2020-08-24 13:59:03,958 [INFO] ThirdParty:968 - CMSIS Pack Vendor :STMicroelectronics X-CUBE-BLE2 1.0.0
2020-08-24 13:59:03,958 [INFO] ThirdParty:749 - exiting critical section [change project]
2020-08-24 13:59:04,191 [INFO] PinOutPanel:1418 - setPackage(No Configuration,No Configuration)
2020-08-24 13:59:04,193 [INFO] PinOutPanel:1418 - setPackage(STM32G070RBTx,LQFP64)
2020-08-24 13:59:04,725 [INFO] UtilMem:74 - Before build in PCC Used Memory: 754143104 Bytes (839385088)
2020-08-24 13:59:05,462 [INFO] SharedServices:71 - Folder for power plug-in: C:/Users/amamoum1/.stm32cubemx/plugins/power
2020-08-24 13:59:05,522 [INFO] SharedServices:71 - Folder for power plug-in: C:/Users/amamoum1/.stm32cubemx/plugins/power
2020-08-24 13:59:05,620 [INFO] SharedServices:71 - Folder for power plug-in: C:/Users/amamoum1/.stm32cubemx/plugins/power
2020-08-24 13:59:05,629 [INFO] SharedServices:71 - Folder for power plug-in: C:/Users/amamoum1/.stm32cubemx/plugins/power
2020-08-24 13:59:05,837 [INFO] UtilMem:74 - After build in PCC Used Memory: 207239512 Bytes (905445376)
2020-08-24 13:59:05,863 [INFO] IPUIPlugin:64 - create IPUIPlugin
2020-08-24 13:59:05,864 [INFO] IPUIPlugin:64 - create IPUIPlugin
2020-08-24 13:59:05,864 [INFO] IPUIPlugin:64 - create IPUIPlugin
2020-08-24 13:59:05,864 [INFO] IPUIPlugin:64 - create IPUIPlugin
2020-08-24 13:59:05,865 [INFO] IPUIPlugin:64 - create IPUIPlugin
2020-08-24 13:59:05,865 [INFO] IPUIPlugin:64 - create IPUIPlugin
2020-08-24 13:59:05,865 [INFO] IPUIPlugin:64 - create IPUIPlugin
2020-08-24 13:59:05,865 [INFO] IPUIPlugin:64 - create IPUIPlugin
2020-08-24 13:59:05,866 [INFO] IPUIPlugin:64 - create IPUIPlugin
2020-08-24 13:59:05,866 [INFO] IPUIPlugin:64 - create IPUIPlugin
2020-08-24 13:59:05,867 [INFO] IPUIPlugin:64 - create IPUIPlugin
2020-08-24 13:59:05,867 [INFO] IPUIPlugin:64 - create IPUIPlugin
2020-08-24 13:59:05,867 [INFO] IPUIPlugin:64 - create IPUIPlugin
2020-08-24 13:59:05,868 [INFO] IPUIPlugin:64 - create IPUIPlugin
2020-08-24 13:59:05,868 [INFO] IPUIPlugin:64 - create IPUIPlugin
2020-08-24 13:59:05,868 [INFO] IPUIPlugin:64 - create IPUIPlugin
2020-08-24 13:59:05,869 [INFO] IPUIPlugin:64 - create IPUIPlugin
2020-08-24 13:59:05,869 [INFO] IPUIPlugin:64 - create IPUIPlugin
2020-08-24 13:59:05,869 [INFO] IPUIPlugin:64 - create IPUIPlugin
2020-08-24 13:59:05,870 [INFO] IPUIPlugin:64 - create IPUIPlugin
2020-08-24 13:59:05,870 [INFO] IPUIPlugin:64 - create IPUIPlugin
2020-08-24 13:59:05,870 [INFO] IPUIPlugin:64 - create IPUIPlugin
2020-08-24 13:59:05,871 [INFO] IPUIPlugin:64 - create IPUIPlugin
2020-08-24 13:59:05,871 [INFO] IPUIPlugin:64 - create IPUIPlugin
2020-08-24 13:59:05,871 [INFO] IPUIPlugin:64 - create IPUIPlugin
2020-08-24 13:59:05,872 [INFO] IPUIPlugin:64 - create IPUIPlugin
2020-08-24 13:59:05,872 [INFO] IPUIPlugin:64 - create IPUIPlugin
2020-08-24 13:59:05,872 [INFO] IPUIPlugin:64 - create IPUIPlugin
2020-08-24 13:59:05,872 [INFO] IPUIPlugin:64 - create IPUIPlugin
2020-08-24 13:59:05,873 [INFO] IPUIPlugin:64 - create IPUIPlugin
2020-08-24 13:59:06,359 [INFO] OpenFileManager:294 - Restore cursor
OK
project toolchain "STM32CubeIDE"
OK
project generate
2020-08-24 13:59:06,794 [INFO] UtilMem:74 - End SaveConfig() Used Memory: 346298736 Bytes (905445376)
2020-08-24 13:59:07,324 [INFO] BlockDiagram:2729 - set Specific Code input for plugin: NVIC
2020-08-24 13:59:07,324 [INFO] BlockDiagram:2729 - set Specific Code input for plugin: SYS
2020-08-24 13:59:07,324 [INFO] BlockDiagram:2729 - set Specific Code input for plugin: GPIO
2020-08-24 13:59:07,324 [INFO] BlockDiagram:2729 - set Specific Code input for plugin: ADC
2020-08-24 13:59:07,324 [INFO] BlockDiagram:2729 - set Specific Code input for plugin: RCC
2020-08-24 13:59:07,341 [INFO] CodeGenerator:622 - code generatio: config db path: C:\Program Files\STMicroelectronics\STM32Cube\STM32CubeMX\\db\
2020-08-24 13:59:07,851 [INFO] CodeEngine:188 - oldGeneratedFile, C:\git\g0_topic_porting\Firmware\Projects\NUCLEO-G070RB\Examples_LL\ADC\ADC_SingleConversion_TriggerSW_Init\MXTmpFiles\license.tmp_save
2020-08-24 13:59:08,383 [INFO] CodeEngine:206 - Generated code: C:\git\g0_topic_porting\Firmware\Projects\NUCLEO-G070RB\Examples_LL\ADC\ADC_SingleConversion_TriggerSW_Init\MXTmpFiles\license.tmp
2020-08-24 13:59:08,595 [INFO] CodeEngine:188 - oldGeneratedFile, C:\git\g0_topic_porting\Firmware\Projects\NUCLEO-G070RB\Examples_LL\ADC\ADC_SingleConversion_TriggerSW_Init\MXTmpFiles\gpio.tmp_save
2020-08-24 13:59:08,756 [INFO] CodeEngine:206 - Generated code: C:\git\g0_topic_porting\Firmware\Projects\NUCLEO-G070RB\Examples_LL\ADC\ADC_SingleConversion_TriggerSW_Init\MXTmpFiles\gpio.tmp
Command line
2020-08-24 13:59:09,041 [INFO] CodeEngine:188 - oldGeneratedFile, C:\git\g0_topic_porting\Firmware\Projects\NUCLEO-G070RB\Examples_LL\ADC\ADC_SingleConversion_TriggerSW_Init\Src\stm32g0xx_it.c_save
2020-08-24 13:59:09,213 [INFO] CodeEngine:206 - Generated code: C:\git\g0_topic_porting\Firmware\Projects\NUCLEO-G070RB\Examples_LL\ADC\ADC_SingleConversion_TriggerSW_Init\Src\stm32g0xx_it.c
2020-08-24 13:59:09,236 [INFO] CodeEngine:188 - oldGeneratedFile, C:\git\g0_topic_porting\Firmware\Projects\NUCLEO-G070RB\Examples_LL\ADC\ADC_SingleConversion_TriggerSW_Init\Inc\stm32g0xx_it.h_save
2020-08-24 13:59:09,383 [INFO] CodeEngine:206 - Generated code: C:\git\g0_topic_porting\Firmware\Projects\NUCLEO-G070RB\Examples_LL\ADC\ADC_SingleConversion_TriggerSW_Init\Inc\stm32g0xx_it.h
2020-08-24 13:59:09,404 [INFO] CodeEngine:188 - oldGeneratedFile, C:\git\g0_topic_porting\Firmware\Projects\NUCLEO-G070RB\Examples_LL\ADC\ADC_SingleConversion_TriggerSW_Init\MXTmpFiles\system.tmp_save
2020-08-24 13:59:09,571 [INFO] CodeEngine:206 - Generated code: C:\git\g0_topic_porting\Firmware\Projects\NUCLEO-G070RB\Examples_LL\ADC\ADC_SingleConversion_TriggerSW_Init\MXTmpFiles\system.tmp
2020-08-24 13:59:09,589 [INFO] CodeEngine:188 - oldGeneratedFile, C:\git\g0_topic_porting\Firmware\Projects\NUCLEO-G070RB\Examples_LL\ADC\ADC_SingleConversion_TriggerSW_Init\Inc\stm32_assert.h_save
2020-08-24 13:59:09,700 [INFO] CodeEngine:206 - Generated code: C:\git\g0_topic_porting\Firmware\Projects\NUCLEO-G070RB\Examples_LL\ADC\ADC_SingleConversion_TriggerSW_Init\Inc\stm32_assert.h
2020-08-24 13:59:09,721 [WARN] IPConfigManager:2524 - Warning: the RefConfig RCC_ConfigVoltageScaling is not available in your config.xml file
2020-08-24 13:59:09,721 [WARN] IPConfigManager:2524 - Warning: the RefConfig RCC_LSEDRIVE_CONFIG is not available in your config.xml file
2020-08-24 13:59:09,731 [WARN] IPConfigManager:2524 - Warning: the RefConfig RCC_ClockConfig is not available in your config.xml file
2020-08-24 13:59:09,733 [WARN] IPConfigManager:2524 - Warning: the RefConfig RCC_MCOConfig is not available in your config.xml file
2020-08-24 13:59:09,733 [WARN] IPConfigManager:2524 - Warning: the RefConfig RCC_LSCOConfig is not available in your config.xml file
2020-08-24 13:59:09,734 [WARN] IPConfigManager:2524 - Warning: the RefConfig RCC_RNGDIV_CONFIG is not available in your config.xml file
2020-08-24 13:59:09,748 [WARN] IPConfigManager:2884 - IP not found : gpio
2020-08-24 13:59:09,749 [WARN] CodeGenerator:2866 - IP not found : gpio
2020-08-24 13:59:09,768 [INFO] CodeEngine:188 - oldGeneratedFile, C:\git\g0_topic_porting\Firmware\Projects\NUCLEO-G070RB\Examples_LL\ADC\ADC_SingleConversion_TriggerSW_Init\Inc\main.h_save
2020-08-24 13:59:09,946 [INFO] CodeEngine:206 - Generated code: C:\git\g0_topic_porting\Firmware\Projects\NUCLEO-G070RB\Examples_LL\ADC\ADC_SingleConversion_TriggerSW_Init\Inc\main.h
2020-08-24 13:59:09,970 [INFO] CodeEngine:188 - oldGeneratedFile, C:\git\g0_topic_porting\Firmware\Projects\NUCLEO-G070RB\Examples_LL\ADC\ADC_SingleConversion_TriggerSW_Init\Src\main.c_save
2020-08-24 13:59:10,226 [INFO] CodeEngine:206 - Generated code: C:\git\g0_topic_porting\Firmware\Projects\NUCLEO-G070RB\Examples_LL\ADC\ADC_SingleConversion_TriggerSW_Init\Src\main.c
2020-08-24 13:59:10,821 [INFO] ProjectBuilder:2168 - Time for Copy HAL[2] : 0mS.
2020-08-24 13:59:10,826 [INFO] ProjectBuilder:2988 - Project Generator version: 3.10.0-B14
2020-08-24 13:59:11,133 [INFO] ConfigFileManager:1183 - The Die is : DIE460
2020-08-24 13:59:11,151 [INFO] ApiDbMcu:456 - Load IP Config File for FATFS
2020-08-24 13:59:11,160 [INFO] ApiDbMcu:456 - Load IP Config File for FREERTOS
2020-08-24 13:59:18,008 [INFO] ConfigFileManager:2048 - mx.scratch is deleted!
2020-08-24 13:59:18,008 [INFO] ProjectBuilder:3155 - Time for Generating toolchain IDE Files: 7182mS.
2020-08-24 13:59:18,009 [INFO] ProjectBuilder:2044 - Time for Copy CMSIS : 0mS.
2020-08-24 13:59:18,012 [INFO] ProjectBuilder:2044 - Time for Copy CMSIS : 0mS.
OK
exit
Bye bye
